2026-03-26 16:05:48,990 - [Rank 0] - INFO - ============================================================
2026-03-26 16:05:48,990 - [Rank 0] - INFO - RS3 Grid Distillation Training
2026-03-26 16:05:48,990 - [Rank 0] - INFO - ============================================================
2026-03-26 16:05:48,990 - [Rank 0] - INFO - Configuration:
2026-03-26 16:05:48,990 - [Rank 0] - INFO -   device: cuda
2026-03-26 16:05:48,990 - [Rank 0] - INFO -   rs3_tar_dir: /root/data/rs3_filtered
2026-03-26 16:05:48,990 - [Rank 0] - INFO -   rs3_val_dir: /root/data/rs3_filtered
2026-03-26 16:05:48,991 - [Rank 0] - INFO -   batch_size: 24
2026-03-26 16:05:48,991 - [Rank 0] - INFO -   num_workers: 8
2026-03-26 16:05:48,991 - [Rank 0] - INFO -   model_name: ViT-B-32
2026-03-26 16:05:48,991 - [Rank 0] - INFO -   pretrained_path: /root/checkpoint/RS5M_ViT-B-32.pt
2026-03-26 16:05:48,991 - [Rank 0] - INFO -   precision: fp32
2026-03-26 16:05:48,991 - [Rank 0] - INFO -   epochs: 6
2026-03-26 16:05:48,991 - [Rank 0] - INFO -   lr: 1.84e-06
2026-03-26 16:05:48,991 - [Rank 0] - INFO -   weight_decay: 0.1
2026-03-26 16:05:48,991 - [Rank 0] - INFO -   warmup_epochs: 1
2026-03-26 16:05:48,991 - [Rank 0] - INFO -   warmup_steps: 1500
2026-03-26 16:05:48,991 - [Rank 0] - INFO -   scheduler_type: cosine
2026-03-26 16:05:48,991 - [Rank 0] - INFO -   cooldown_steps: 0
2026-03-26 16:05:48,991 - [Rank 0] - INFO -   grad_clip: 1.0
2026-03-26 16:05:48,991 - [Rank 0] - INFO -   distill_align: roi_to_pooled
2026-03-26 16:05:48,991 - [Rank 0] - INFO -   teacher_last_attn_type: qq+kk+vv
2026-03-26 16:05:48,991 - [Rank 0] - INFO -   distill_loss_weight: 0.3
2026-03-26 16:05:48,991 - [Rank 0] - INFO -   clip_loss_weight: 1.0
2026-03-26 16:05:48,991 - [Rank 0] - INFO -   use_rafa: False
2026-03-26 16:05:48,991 - [Rank 0] - INFO -   use_hycd: True
2026-03-26 16:05:48,991 - [Rank 0] - INFO -   rafa_weight: 0.1
2026-03-26 16:05:48,991 - [Rank 0] - INFO -   hycd_weight: 0.1
2026-03-26 16:05:48,991 - [Rank 0] - INFO -   hycd_temperature: 1.0
2026-03-26 16:05:48,991 - [Rank 0] - INFO -   hycd_alpha_blending: 0.5
2026-03-26 16:05:48,991 - [Rank 0] - INFO -   rafa_prior_mu: 0.0
2026-03-26 16:05:48,991 - [Rank 0] - INFO -   rafa_prior_sigma: 1.0
2026-03-26 16:05:48,991 - [Rank 0] - INFO -   rafa_prior_stats_path: 
2026-03-26 16:05:48,991 - [Rank 0] - INFO -   rafa_share_random_feat: True
2026-03-26 16:05:48,991 - [Rank 0] - INFO -   optimizer_betas: (0.9, 0.98)
2026-03-26 16:05:48,992 - [Rank 0] - INFO -   optimizer_eps: 1e-08
2026-03-26 16:05:48,992 - [Rank 0] - INFO -   val_tar_count: 2
2026-03-26 16:05:48,992 - [Rank 0] - INFO -   train_tar_count: 30
2026-03-26 16:05:48,992 - [Rank 0] - INFO -   output_dir: ./checkpoints/v7.2.2
2026-03-26 16:05:48,992 - [Rank 0] - INFO -   log_dir: ./logs/v7.2.2
2026-03-26 16:05:48,992 - [Rank 0] - INFO -   tensorboard_dir: ./logs/v7.2.2/tensorboard
2026-03-26 16:05:48,992 - [Rank 0] - INFO -   save_freq: 1
2026-03-26 16:05:48,992 - [Rank 0] - INFO -   log_freq: 50
2026-03-26 16:05:48,992 - [Rank 0] - INFO -   local_rank: -1
2026-03-26 16:05:48,992 - [Rank 0] - INFO -   world_size: 1
2026-03-26 16:05:48,992 - [Rank 0] - INFO -   use_amp: True
2026-03-26 16:05:48,992 - [Rank 0] - INFO - 
2026-03-26 16:05:48,993 - [Rank 0] - INFO - TensorBoard 已启用。查看: tensorboard --logdir ./logs/v7.2.2/tensorboard
2026-03-26 16:05:48,993 - [Rank 0] - INFO - Building models...
2026-03-26 16:05:48,993 - [Rank 0] - INFO - Loading models from /root/checkpoint/RS5M_ViT-B-32.pt...
2026-03-26 16:05:48,993 - [Rank 0] - INFO - 
=== Loading Teacher Model ===
2026-03-26 16:05:48,993 - [Rank 0] - INFO - Parsing model identifier. Schema: None, Identifier: ViT-B-32
2026-03-26 16:05:48,993 - [Rank 0] - INFO - Loaded built-in ViT-B-32 model config.
2026-03-26 16:05:48,994 - [Rank 0] - INFO - `pretrained` specifies file path: /root/checkpoint/RS5M_ViT-B-32.pt
2026-03-26 16:05:48,994 - [Rank 0] - INFO - Instantiating model architecture: CLIP
2026-03-26 16:05:50,082 - [Rank 0] - INFO - Loading full pretrained weights from: /root/checkpoint/RS5M_ViT-B-32.pt
2026-03-26 16:05:50,555 - [Rank 0] - INFO - Final image preprocessing configuration set: {'size': (224, 224), 'mode': 'RGB', 'mean': (0.48145466, 0.4578275, 0.40821073), 'std': (0.26862954, 0.26130258, 0.27577711), 'interpolation': 'bicubic', 'resize_mode': 'shortest', 'fill_color': 0}
2026-03-26 16:05:50,555 - [Rank 0] - INFO - Model ViT-B-32 creation process complete.
2026-03-26 16:05:50,557 - [Rank 0] - INFO - ✓ Teacher model loaded and frozen
2026-03-26 16:05:50,557 - [Rank 0] - INFO -   - Model type: CLIP
2026-03-26 16:05:50,557 - [Rank 0] - INFO -   - Parameters: 151,277,313
2026-03-26 16:05:50,558 - [Rank 0] - INFO -   - Requires grad: 0 (frozen)
2026-03-26 16:05:50,558 - [Rank 0] - INFO - 
=== Loading Student Model ===
2026-03-26 16:05:50,558 - [Rank 0] - INFO - Parsing model identifier. Schema: None, Identifier: ViT-B-32
2026-03-26 16:05:50,558 - [Rank 0] - INFO - Loaded built-in ViT-B-32 model config.
2026-03-26 16:05:50,558 - [Rank 0] - INFO - `pretrained` specifies file path: /root/checkpoint/RS5M_ViT-B-32.pt
2026-03-26 16:05:50,558 - [Rank 0] - INFO - Instantiating model architecture: CLIP
2026-03-26 16:05:51,622 - [Rank 0] - INFO - Loading full pretrained weights from: /root/checkpoint/RS5M_ViT-B-32.pt
2026-03-26 16:05:52,051 - [Rank 0] - INFO - Final image preprocessing configuration set: {'size': (224, 224), 'mode': 'RGB', 'mean': (0.48145466, 0.4578275, 0.40821073), 'std': (0.26862954, 0.26130258, 0.27577711), 'interpolation': 'bicubic', 'resize_mode': 'shortest', 'fill_color': 0}
2026-03-26 16:05:52,051 - [Rank 0] - INFO - Model ViT-B-32 creation process complete.
2026-03-26 16:05:52,052 - [Rank 0] - INFO - ✓ Student model loaded with same initial weights
2026-03-26 16:05:52,052 - [Rank 0] - INFO -   - Model type: CLIP
2026-03-26 16:05:52,053 - [Rank 0] - INFO -   - Parameters: 151,277,313
2026-03-26 16:05:52,053 - [Rank 0] - INFO -   - Requires grad: 302 (trainable)
2026-03-26 16:05:52,347 - [Rank 0] - INFO - Models moved to device: cuda
2026-03-26 16:05:52,348 - [Rank 0] - INFO - 
Building dataloaders...
2026-03-26 16:05:52,350 - [Rank 0] - WARNING - split=val: WebDataset 仅有 2 个 shard(.tar)，num_workers=8 会导致 6 个 worker 分不到数据、验证/训练提前结束。已将 num_workers 限制为 2。
2026-03-26 16:05:52,351 - [Rank 0] - INFO - Train loader: 4250 batches
2026-03-26 16:05:52,351 - [Rank 0] - INFO - Val loader: 284 batches
2026-03-26 16:05:52,351 - [Rank 0] - INFO - 
Building optimizer...
2026-03-26 16:05:52,352 - [Rank 0] - INFO - Optimizer: AdamW (lr=1.84e-06, betas=(0.9, 0.98), eps=1e-08, weight_decay=0.1)
2026-03-26 16:05:52,352 - [Rank 0] - INFO - Optimizing student model parameters only
2026-03-26 16:05:52,352 - [Rank 0] - INFO - Scheduler: Cosine (warmup_steps=1500, total_steps=25500)
2026-03-26 16:05:52,352 - [Rank 0] - INFO - Loss function: mse
2026-03-26 16:05:52,352 - [Rank 0] - INFO - AMP enabled: True
2026-03-26 16:05:52,352 - [Rank 0] - INFO - 
============================================================
2026-03-26 16:05:52,352 - [Rank 0] - INFO - Starting training...
2026-03-26 16:05:52,352 - [Rank 0] - INFO - ============================================================
2026-03-26 16:05:52,352 - [Rank 0] - INFO - 
Epoch [1/6]
2026-03-26 16:05:52,352 - [Rank 0] - INFO - ------------------------------------------------------------
2026-03-26 16:06:28,118 - [Rank 0] - INFO - Epoch [1/6] | Batch [50/4250] | Loss: 3.1941 | Time: 35.76s
2026-03-26 16:07:00,161 - [Rank 0] - INFO - Epoch [1/6] | Batch [100/4250] | Loss: 3.1229 | Time: 67.81s
2026-03-26 16:07:33,198 - [Rank 0] - INFO - Epoch [1/6] | Batch [150/4250] | Loss: 3.0383 | Time: 100.84s
2026-03-26 16:08:06,373 - [Rank 0] - INFO - Epoch [1/6] | Batch [200/4250] | Loss: 2.9626 | Time: 134.02s
2026-03-26 16:08:39,675 - [Rank 0] - INFO - Epoch [1/6] | Batch [250/4250] | Loss: 2.8957 | Time: 167.32s
2026-03-26 16:09:12,302 - [Rank 0] - INFO - Epoch [1/6] | Batch [300/4250] | Loss: 2.8389 | Time: 199.95s
2026-03-26 16:09:44,490 - [Rank 0] - INFO - Epoch [1/6] | Batch [350/4250] | Loss: 2.7873 | Time: 232.14s
2026-03-26 16:10:17,135 - [Rank 0] - INFO - Epoch [1/6] | Batch [400/4250] | Loss: 2.7395 | Time: 264.78s
2026-03-26 16:10:50,198 - [Rank 0] - INFO - Epoch [1/6] | Batch [450/4250] | Loss: 2.6963 | Time: 297.84s
2026-03-26 16:11:22,967 - [Rank 0] - INFO - Epoch [1/6] | Batch [500/4250] | Loss: 2.6573 | Time: 330.61s
2026-03-26 16:11:55,761 - [Rank 0] - INFO - Epoch [1/6] | Batch [550/4250] | Loss: 2.6197 | Time: 363.41s
2026-03-26 16:12:29,259 - [Rank 0] - INFO - Epoch [1/6] | Batch [600/4250] | Loss: 2.5859 | Time: 396.91s
2026-03-26 16:13:02,458 - [Rank 0] - INFO - Epoch [1/6] | Batch [650/4250] | Loss: 2.5538 | Time: 430.10s
2026-03-26 16:13:35,944 - [Rank 0] - INFO - Epoch [1/6] | Batch [700/4250] | Loss: 2.5239 | Time: 463.59s
2026-03-26 16:14:09,411 - [Rank 0] - INFO - Epoch [1/6] | Batch [750/4250] | Loss: 2.4962 | Time: 497.06s
2026-03-26 16:14:42,647 - [Rank 0] - INFO - Epoch [1/6] | Batch [800/4250] | Loss: 2.4710 | Time: 530.29s
2026-03-26 16:15:16,164 - [Rank 0] - INFO - Epoch [1/6] | Batch [850/4250] | Loss: 2.4471 | Time: 563.81s
2026-03-26 16:15:49,316 - [Rank 0] - INFO - Epoch [1/6] | Batch [900/4250] | Loss: 2.4250 | Time: 596.96s
2026-03-26 16:16:22,986 - [Rank 0] - INFO - Epoch [1/6] | Batch [950/4250] | Loss: 2.4040 | Time: 630.63s
2026-03-26 16:16:56,422 - [Rank 0] - INFO - Epoch [1/6] | Batch [1000/4250] | Loss: 2.3844 | Time: 664.07s
2026-03-26 16:17:29,621 - [Rank 0] - INFO - Epoch [1/6] | Batch [1050/4250] | Loss: 2.3657 | Time: 697.27s
2026-03-26 16:18:02,721 - [Rank 0] - INFO - Epoch [1/6] | Batch [1100/4250] | Loss: 2.3480 | Time: 730.37s
2026-03-26 16:18:36,446 - [Rank 0] - INFO - Epoch [1/6] | Batch [1150/4250] | Loss: 2.3312 | Time: 764.09s
2026-03-26 16:19:10,039 - [Rank 0] - INFO - Epoch [1/6] | Batch [1200/4250] | Loss: 2.3165 | Time: 797.69s
2026-03-26 16:19:42,891 - [Rank 0] - INFO - Epoch [1/6] | Batch [1250/4250] | Loss: 2.3017 | Time: 830.54s
2026-03-26 16:20:15,868 - [Rank 0] - INFO - Epoch [1/6] | Batch [1300/4250] | Loss: 2.2879 | Time: 863.51s
2026-03-26 16:20:49,452 - [Rank 0] - INFO - Epoch [1/6] | Batch [1350/4250] | Loss: 2.2753 | Time: 897.10s
2026-03-26 16:21:22,468 - [Rank 0] - INFO - Epoch [1/6] | Batch [1400/4250] | Loss: 2.2623 | Time: 930.11s
2026-03-26 16:21:56,031 - [Rank 0] - INFO - Epoch [1/6] | Batch [1450/4250] | Loss: 2.2494 | Time: 963.68s
2026-03-26 16:22:29,335 - [Rank 0] - INFO - Epoch [1/6] | Batch [1500/4250] | Loss: 2.2380 | Time: 996.98s
2026-03-26 16:23:02,606 - [Rank 0] - INFO - Epoch [1/6] | Batch [1550/4250] | Loss: 2.2267 | Time: 1030.25s
2026-03-26 16:23:36,334 - [Rank 0] - INFO - Epoch [1/6] | Batch [1600/4250] | Loss: 2.2157 | Time: 1063.98s
2026-03-26 16:24:09,962 - [Rank 0] - INFO - Epoch [1/6] | Batch [1650/4250] | Loss: 2.2054 | Time: 1097.61s
2026-03-26 16:24:42,880 - [Rank 0] - INFO - Epoch [1/6] | Batch [1700/4250] | Loss: 2.1954 | Time: 1130.53s
2026-03-26 16:25:16,593 - [Rank 0] - INFO - Epoch [1/6] | Batch [1750/4250] | Loss: 2.1855 | Time: 1164.24s
2026-03-26 16:25:50,233 - [Rank 0] - INFO - Epoch [1/6] | Batch [1800/4250] | Loss: 2.1760 | Time: 1197.88s
2026-03-26 16:26:23,751 - [Rank 0] - INFO - Epoch [1/6] | Batch [1850/4250] | Loss: 2.1673 | Time: 1231.40s
2026-03-26 16:26:56,765 - [Rank 0] - INFO - Epoch [1/6] | Batch [1900/4250] | Loss: 2.1588 | Time: 1264.41s
2026-03-26 16:27:29,512 - [Rank 0] - INFO - Epoch [1/6] | Batch [1950/4250] | Loss: 2.1509 | Time: 1297.16s
2026-03-26 16:28:02,325 - [Rank 0] - INFO - Epoch [1/6] | Batch [2000/4250] | Loss: 2.1431 | Time: 1329.97s
2026-03-26 16:28:35,762 - [Rank 0] - INFO - Epoch [1/6] | Batch [2050/4250] | Loss: 2.1358 | Time: 1363.41s
2026-03-26 16:29:08,687 - [Rank 0] - INFO - Epoch [1/6] | Batch [2100/4250] | Loss: 2.1287 | Time: 1396.33s
2026-03-26 16:29:41,704 - [Rank 0] - INFO - Epoch [1/6] | Batch [2150/4250] | Loss: 2.1221 | Time: 1429.35s
2026-03-26 16:30:14,706 - [Rank 0] - INFO - Epoch [1/6] | Batch [2200/4250] | Loss: 2.1153 | Time: 1462.35s
2026-03-26 16:30:48,182 - [Rank 0] - INFO - Epoch [1/6] | Batch [2250/4250] | Loss: 2.1090 | Time: 1495.83s
2026-03-26 16:31:21,945 - [Rank 0] - INFO - Epoch [1/6] | Batch [2300/4250] | Loss: 2.1028 | Time: 1529.59s
2026-03-26 16:31:55,401 - [Rank 0] - INFO - Epoch [1/6] | Batch [2350/4250] | Loss: 2.0970 | Time: 1563.05s
2026-03-26 16:32:28,208 - [Rank 0] - INFO - Epoch [1/6] | Batch [2400/4250] | Loss: 2.0909 | Time: 1595.85s
2026-03-26 16:33:01,354 - [Rank 0] - INFO - Epoch [1/6] | Batch [2450/4250] | Loss: 2.0851 | Time: 1629.00s
2026-03-26 16:33:34,453 - [Rank 0] - INFO - Epoch [1/6] | Batch [2500/4250] | Loss: 2.0794 | Time: 1662.10s
2026-03-26 16:34:07,327 - [Rank 0] - INFO - Epoch [1/6] | Batch [2550/4250] | Loss: 2.0745 | Time: 1694.97s
2026-03-26 16:34:40,402 - [Rank 0] - INFO - Epoch [1/6] | Batch [2600/4250] | Loss: 2.0696 | Time: 1728.05s
2026-03-26 16:35:13,512 - [Rank 0] - INFO - Epoch [1/6] | Batch [2650/4250] | Loss: 2.0641 | Time: 1761.16s
2026-03-26 16:35:46,704 - [Rank 0] - INFO - Epoch [1/6] | Batch [2700/4250] | Loss: 2.0592 | Time: 1794.35s
2026-03-26 16:36:19,294 - [Rank 0] - INFO - Epoch [1/6] | Batch [2750/4250] | Loss: 2.0545 | Time: 1826.94s
2026-03-26 16:36:53,071 - [Rank 0] - INFO - Epoch [1/6] | Batch [2800/4250] | Loss: 2.0498 | Time: 1860.72s
2026-03-26 16:37:25,759 - [Rank 0] - INFO - Epoch [1/6] | Batch [2850/4250] | Loss: 2.0453 | Time: 1893.41s
2026-03-26 16:37:58,257 - [Rank 0] - INFO - Epoch [1/6] | Batch [2900/4250] | Loss: 2.0411 | Time: 1925.90s
2026-03-26 16:38:31,760 - [Rank 0] - INFO - Epoch [1/6] | Batch [2950/4250] | Loss: 2.0366 | Time: 1959.41s
2026-03-26 16:39:04,290 - [Rank 0] - INFO - Epoch [1/6] | Batch [3000/4250] | Loss: 2.0321 | Time: 1991.94s
2026-03-26 16:39:37,274 - [Rank 0] - INFO - Epoch [1/6] | Batch [3050/4250] | Loss: 2.0279 | Time: 2024.92s
2026-03-26 16:40:09,802 - [Rank 0] - INFO - Epoch [1/6] | Batch [3100/4250] | Loss: 2.0241 | Time: 2057.45s
2026-03-26 16:40:43,088 - [Rank 0] - INFO - Epoch [1/6] | Batch [3150/4250] | Loss: 2.0204 | Time: 2090.74s
2026-03-26 16:41:15,747 - [Rank 0] - INFO - Epoch [1/6] | Batch [3200/4250] | Loss: 2.0165 | Time: 2123.39s
2026-03-26 16:41:48,950 - [Rank 0] - INFO - Epoch [1/6] | Batch [3250/4250] | Loss: 2.0130 | Time: 2156.60s
2026-03-26 16:42:22,534 - [Rank 0] - INFO - Epoch [1/6] | Batch [3300/4250] | Loss: 2.0095 | Time: 2190.18s
2026-03-26 16:42:55,703 - [Rank 0] - INFO - Epoch [1/6] | Batch [3350/4250] | Loss: 2.0059 | Time: 2223.35s
2026-03-26 16:43:28,796 - [Rank 0] - INFO - Epoch [1/6] | Batch [3400/4250] | Loss: 2.0025 | Time: 2256.44s
2026-03-26 16:44:01,347 - [Rank 0] - INFO - Epoch [1/6] | Batch [3450/4250] | Loss: 1.9991 | Time: 2288.99s
2026-03-26 16:44:34,316 - [Rank 0] - INFO - Epoch [1/6] | Batch [3500/4250] | Loss: 1.9956 | Time: 2321.96s
2026-03-26 16:45:07,521 - [Rank 0] - INFO - Epoch [1/6] | Batch [3550/4250] | Loss: 1.9923 | Time: 2355.17s
2026-03-26 16:45:41,241 - [Rank 0] - INFO - Epoch [1/6] | Batch [3600/4250] | Loss: 1.9892 | Time: 2388.89s
2026-03-26 16:46:14,482 - [Rank 0] - INFO - Epoch [1/6] | Batch [3650/4250] | Loss: 1.9859 | Time: 2422.13s
2026-03-26 16:46:48,375 - [Rank 0] - INFO - Epoch [1/6] | Batch [3700/4250] | Loss: 1.9828 | Time: 2456.02s
2026-03-26 16:47:21,426 - [Rank 0] - INFO - Epoch [1/6] | Batch [3750/4250] | Loss: 1.9797 | Time: 2489.07s
2026-03-26 16:47:54,695 - [Rank 0] - INFO - Epoch [1/6] | Batch [3800/4250] | Loss: 1.9768 | Time: 2522.34s
2026-03-26 16:48:28,807 - [Rank 0] - INFO - Epoch [1/6] | Batch [3850/4250] | Loss: 1.9736 | Time: 2556.45s
2026-03-26 16:49:02,274 - [Rank 0] - INFO - Epoch [1/6] | Batch [3900/4250] | Loss: 1.9707 | Time: 2589.92s
2026-03-26 16:49:35,402 - [Rank 0] - INFO - Epoch [1/6] | Batch [3950/4250] | Loss: 1.9682 | Time: 2623.05s
2026-03-26 16:50:09,146 - [Rank 0] - INFO - Epoch [1/6] | Batch [4000/4250] | Loss: 1.9655 | Time: 2656.79s
2026-03-26 16:50:42,353 - [Rank 0] - INFO - Epoch [1/6] | Batch [4050/4250] | Loss: 1.9629 | Time: 2690.00s
2026-03-26 16:51:16,152 - [Rank 0] - INFO - Epoch [1/6] | Batch [4100/4250] | Loss: 1.9603 | Time: 2723.80s
2026-03-26 16:51:49,711 - [Rank 0] - INFO - Epoch [1/6] | Batch [4150/4250] | Loss: 1.9575 | Time: 2757.36s
2026-03-26 16:52:22,427 - [Rank 0] - INFO - Epoch [1/6] | Batch [4200/4250] | Loss: 1.9548 | Time: 2790.07s
2026-03-26 16:52:55,074 - [Rank 0] - INFO - Epoch [1/6] | Batch [4250/4250] | Loss: 1.9523 | Time: 2822.72s
2026-03-26 16:52:55,202 - [Rank 0] - INFO - Train Loss: 1.9523 | Time: 2822.72s
2026-03-26 16:59:33,364 - [Rank 0] - INFO - Validation | Epoch [1/6] | Val Loss: 1.7412 | Batches: 284 (len(dataloader)=284) | Time: 398.16s
2026-03-26 16:59:36,016 - [Rank 0] - INFO - Checkpoint saved to ./checkpoints/v7.2.2/best_model.pth
2026-03-26 16:59:36,016 - [Rank 0] - INFO - ✓ New best model saved! (val_loss: 1.7412)
2026-03-26 16:59:38,644 - [Rank 0] - INFO - Checkpoint saved to ./checkpoints/v7.2.2/checkpoint_epoch_1.pth
2026-03-26 16:59:38,644 - [Rank 0] - INFO - 
Epoch [2/6]
2026-03-26 16:59:38,644 - [Rank 0] - INFO - ------------------------------------------------------------
2026-03-26 17:00:20,719 - [Rank 0] - INFO - Epoch [2/6] | Batch [50/4250] | Loss: 1.7371 | Time: 42.07s
2026-03-26 17:00:53,223 - [Rank 0] - INFO - Epoch [2/6] | Batch [100/4250] | Loss: 1.7403 | Time: 74.58s
2026-03-26 17:01:26,005 - [Rank 0] - INFO - Epoch [2/6] | Batch [150/4250] | Loss: 1.7378 | Time: 107.36s
2026-03-26 17:01:58,864 - [Rank 0] - INFO - Epoch [2/6] | Batch [200/4250] | Loss: 1.7415 | Time: 140.22s
2026-03-26 17:02:31,986 - [Rank 0] - INFO - Epoch [2/6] | Batch [250/4250] | Loss: 1.7415 | Time: 173.34s
2026-03-26 17:03:05,175 - [Rank 0] - INFO - Epoch [2/6] | Batch [300/4250] | Loss: 1.7390 | Time: 206.53s
2026-03-26 17:03:37,813 - [Rank 0] - INFO - Epoch [2/6] | Batch [350/4250] | Loss: 1.7396 | Time: 239.17s
2026-03-26 17:04:10,421 - [Rank 0] - INFO - Epoch [2/6] | Batch [400/4250] | Loss: 1.7401 | Time: 271.77s
2026-03-26 17:04:43,649 - [Rank 0] - INFO - Epoch [2/6] | Batch [450/4250] | Loss: 1.7403 | Time: 305.00s
2026-03-26 17:05:16,956 - [Rank 0] - INFO - Epoch [2/6] | Batch [500/4250] | Loss: 1.7380 | Time: 338.31s
2026-03-26 17:05:49,498 - [Rank 0] - INFO - Epoch [2/6] | Batch [550/4250] | Loss: 1.7367 | Time: 370.85s
2026-03-26 17:06:22,032 - [Rank 0] - INFO - Epoch [2/6] | Batch [600/4250] | Loss: 1.7363 | Time: 403.39s
2026-03-26 17:06:55,111 - [Rank 0] - INFO - Epoch [2/6] | Batch [650/4250] | Loss: 1.7355 | Time: 436.47s
2026-03-26 17:07:28,224 - [Rank 0] - INFO - Epoch [2/6] | Batch [700/4250] | Loss: 1.7352 | Time: 469.58s
2026-03-26 17:08:00,774 - [Rank 0] - INFO - Epoch [2/6] | Batch [750/4250] | Loss: 1.7343 | Time: 502.13s
2026-03-26 17:08:33,987 - [Rank 0] - INFO - Epoch [2/6] | Batch [800/4250] | Loss: 1.7336 | Time: 535.34s
2026-03-26 17:09:07,021 - [Rank 0] - INFO - Epoch [2/6] | Batch [850/4250] | Loss: 1.7329 | Time: 568.37s
2026-03-26 17:09:40,064 - [Rank 0] - INFO - Epoch [2/6] | Batch [900/4250] | Loss: 1.7325 | Time: 601.42s
2026-03-26 17:10:12,464 - [Rank 0] - INFO - Epoch [2/6] | Batch [950/4250] | Loss: 1.7309 | Time: 633.82s
2026-03-26 17:10:45,487 - [Rank 0] - INFO - Epoch [2/6] | Batch [1000/4250] | Loss: 1.7301 | Time: 666.84s
2026-03-26 17:11:18,852 - [Rank 0] - INFO - Epoch [2/6] | Batch [1050/4250] | Loss: 1.7285 | Time: 700.21s
2026-03-26 17:11:51,898 - [Rank 0] - INFO - Epoch [2/6] | Batch [1100/4250] | Loss: 1.7268 | Time: 733.25s
2026-03-26 17:12:25,087 - [Rank 0] - INFO - Epoch [2/6] | Batch [1150/4250] | Loss: 1.7266 | Time: 766.44s
2026-03-26 17:12:58,715 - [Rank 0] - INFO - Epoch [2/6] | Batch [1200/4250] | Loss: 1.7267 | Time: 800.07s
2026-03-26 17:13:31,925 - [Rank 0] - INFO - Epoch [2/6] | Batch [1250/4250] | Loss: 1.7262 | Time: 833.28s
2026-03-26 17:14:04,879 - [Rank 0] - INFO - Epoch [2/6] | Batch [1300/4250] | Loss: 1.7252 | Time: 866.23s
2026-03-26 17:14:38,440 - [Rank 0] - INFO - Epoch [2/6] | Batch [1350/4250] | Loss: 1.7242 | Time: 899.79s
2026-03-26 17:15:11,922 - [Rank 0] - INFO - Epoch [2/6] | Batch [1400/4250] | Loss: 1.7238 | Time: 933.28s
2026-03-26 17:15:44,847 - [Rank 0] - INFO - Epoch [2/6] | Batch [1450/4250] | Loss: 1.7227 | Time: 966.20s
2026-03-26 17:16:18,402 - [Rank 0] - INFO - Epoch [2/6] | Batch [1500/4250] | Loss: 1.7222 | Time: 999.76s
2026-03-26 17:16:51,308 - [Rank 0] - INFO - Epoch [2/6] | Batch [1550/4250] | Loss: 1.7216 | Time: 1032.66s
2026-03-26 17:17:24,905 - [Rank 0] - INFO - Epoch [2/6] | Batch [1600/4250] | Loss: 1.7221 | Time: 1066.26s
2026-03-26 17:17:58,540 - [Rank 0] - INFO - Epoch [2/6] | Batch [1650/4250] | Loss: 1.7218 | Time: 1099.89s
2026-03-26 17:18:31,509 - [Rank 0] - INFO - Epoch [2/6] | Batch [1700/4250] | Loss: 1.7213 | Time: 1132.86s
2026-03-26 17:19:04,538 - [Rank 0] - INFO - Epoch [2/6] | Batch [1750/4250] | Loss: 1.7209 | Time: 1165.89s
2026-03-26 17:19:36,900 - [Rank 0] - INFO - Epoch [2/6] | Batch [1800/4250] | Loss: 1.7205 | Time: 1198.25s
2026-03-26 17:20:09,379 - [Rank 0] - INFO - Epoch [2/6] | Batch [1850/4250] | Loss: 1.7197 | Time: 1230.73s
2026-03-26 17:20:42,475 - [Rank 0] - INFO - Epoch [2/6] | Batch [1900/4250] | Loss: 1.7190 | Time: 1263.83s
2026-03-26 17:21:15,723 - [Rank 0] - INFO - Epoch [2/6] | Batch [1950/4250] | Loss: 1.7184 | Time: 1297.08s
2026-03-26 17:21:49,493 - [Rank 0] - INFO - Epoch [2/6] | Batch [2000/4250] | Loss: 1.7173 | Time: 1330.85s
2026-03-26 17:22:22,251 - [Rank 0] - INFO - Epoch [2/6] | Batch [2050/4250] | Loss: 1.7163 | Time: 1363.60s
2026-03-26 17:22:54,675 - [Rank 0] - INFO - Epoch [2/6] | Batch [2100/4250] | Loss: 1.7160 | Time: 1396.03s
2026-03-26 17:23:27,727 - [Rank 0] - INFO - Epoch [2/6] | Batch [2150/4250] | Loss: 1.7153 | Time: 1429.08s
2026-03-26 17:24:01,606 - [Rank 0] - INFO - Epoch [2/6] | Batch [2200/4250] | Loss: 1.7148 | Time: 1462.96s
2026-03-26 17:24:34,980 - [Rank 0] - INFO - Epoch [2/6] | Batch [2250/4250] | Loss: 1.7141 | Time: 1496.33s
2026-03-26 17:25:08,458 - [Rank 0] - INFO - Epoch [2/6] | Batch [2300/4250] | Loss: 1.7142 | Time: 1529.81s
2026-03-26 17:25:41,014 - [Rank 0] - INFO - Epoch [2/6] | Batch [2350/4250] | Loss: 1.7135 | Time: 1562.37s
2026-03-26 17:26:13,323 - [Rank 0] - INFO - Epoch [2/6] | Batch [2400/4250] | Loss: 1.7128 | Time: 1594.68s
2026-03-26 17:26:46,332 - [Rank 0] - INFO - Epoch [2/6] | Batch [2450/4250] | Loss: 1.7127 | Time: 1627.69s
2026-03-26 17:27:19,213 - [Rank 0] - INFO - Epoch [2/6] | Batch [2500/4250] | Loss: 1.7121 | Time: 1660.57s
2026-03-26 17:27:52,758 - [Rank 0] - INFO - Epoch [2/6] | Batch [2550/4250] | Loss: 1.7119 | Time: 1694.11s
2026-03-26 17:28:26,480 - [Rank 0] - INFO - Epoch [2/6] | Batch [2600/4250] | Loss: 1.7114 | Time: 1727.83s
2026-03-26 17:28:59,095 - [Rank 0] - INFO - Epoch [2/6] | Batch [2650/4250] | Loss: 1.7112 | Time: 1760.45s
2026-03-26 17:29:32,335 - [Rank 0] - INFO - Epoch [2/6] | Batch [2700/4250] | Loss: 1.7105 | Time: 1793.69s
2026-03-26 17:30:05,738 - [Rank 0] - INFO - Epoch [2/6] | Batch [2750/4250] | Loss: 1.7098 | Time: 1827.09s
2026-03-26 17:30:38,532 - [Rank 0] - INFO - Epoch [2/6] | Batch [2800/4250] | Loss: 1.7093 | Time: 1859.89s
2026-03-26 17:31:11,639 - [Rank 0] - INFO - Epoch [2/6] | Batch [2850/4250] | Loss: 1.7089 | Time: 1892.99s
2026-03-26 17:31:44,923 - [Rank 0] - INFO - Epoch [2/6] | Batch [2900/4250] | Loss: 1.7086 | Time: 1926.28s
2026-03-26 17:32:18,253 - [Rank 0] - INFO - Epoch [2/6] | Batch [2950/4250] | Loss: 1.7081 | Time: 1959.61s
2026-03-26 17:32:51,710 - [Rank 0] - INFO - Epoch [2/6] | Batch [3000/4250] | Loss: 1.7076 | Time: 1993.06s
2026-03-26 17:33:24,376 - [Rank 0] - INFO - Epoch [2/6] | Batch [3050/4250] | Loss: 1.7071 | Time: 2025.73s
2026-03-26 17:33:56,834 - [Rank 0] - INFO - Epoch [2/6] | Batch [3100/4250] | Loss: 1.7067 | Time: 2058.19s
2026-03-26 17:34:30,100 - [Rank 0] - INFO - Epoch [2/6] | Batch [3150/4250] | Loss: 1.7064 | Time: 2091.45s
2026-03-26 17:35:04,222 - [Rank 0] - INFO - Epoch [2/6] | Batch [3200/4250] | Loss: 1.7060 | Time: 2125.58s
2026-03-26 17:35:37,153 - [Rank 0] - INFO - Epoch [2/6] | Batch [3250/4250] | Loss: 1.7056 | Time: 2158.51s
2026-03-26 17:36:10,836 - [Rank 0] - INFO - Epoch [2/6] | Batch [3300/4250] | Loss: 1.7049 | Time: 2192.19s
2026-03-26 17:36:44,608 - [Rank 0] - INFO - Epoch [2/6] | Batch [3350/4250] | Loss: 1.7045 | Time: 2225.96s
2026-03-26 17:37:18,485 - [Rank 0] - INFO - Epoch [2/6] | Batch [3400/4250] | Loss: 1.7040 | Time: 2259.84s
2026-03-26 17:37:51,681 - [Rank 0] - INFO - Epoch [2/6] | Batch [3450/4250] | Loss: 1.7035 | Time: 2293.04s
2026-03-26 17:38:25,921 - [Rank 0] - INFO - Epoch [2/6] | Batch [3500/4250] | Loss: 1.7032 | Time: 2327.28s
2026-03-26 17:38:58,699 - [Rank 0] - INFO - Epoch [2/6] | Batch [3550/4250] | Loss: 1.7029 | Time: 2360.05s
2026-03-26 17:39:32,616 - [Rank 0] - INFO - Epoch [2/6] | Batch [3600/4250] | Loss: 1.7028 | Time: 2393.97s
2026-03-26 17:40:06,578 - [Rank 0] - INFO - Epoch [2/6] | Batch [3650/4250] | Loss: 1.7024 | Time: 2427.93s
2026-03-26 17:40:39,867 - [Rank 0] - INFO - Epoch [2/6] | Batch [3700/4250] | Loss: 1.7020 | Time: 2461.22s
2026-03-26 17:41:13,637 - [Rank 0] - INFO - Epoch [2/6] | Batch [3750/4250] | Loss: 1.7015 | Time: 2494.99s
2026-03-26 17:41:46,080 - [Rank 0] - INFO - Epoch [2/6] | Batch [3800/4250] | Loss: 1.7015 | Time: 2527.43s
2026-03-26 17:42:19,510 - [Rank 0] - INFO - Epoch [2/6] | Batch [3850/4250] | Loss: 1.7011 | Time: 2560.86s
2026-03-26 17:42:52,664 - [Rank 0] - INFO - Epoch [2/6] | Batch [3900/4250] | Loss: 1.7007 | Time: 2594.02s
2026-03-26 17:43:26,503 - [Rank 0] - INFO - Epoch [2/6] | Batch [3950/4250] | Loss: 1.7005 | Time: 2627.86s
2026-03-26 17:43:59,431 - [Rank 0] - INFO - Epoch [2/6] | Batch [4000/4250] | Loss: 1.7001 | Time: 2660.78s
2026-03-26 17:44:32,110 - [Rank 0] - INFO - Epoch [2/6] | Batch [4050/4250] | Loss: 1.6996 | Time: 2693.46s
2026-03-26 17:45:05,662 - [Rank 0] - INFO - Epoch [2/6] | Batch [4100/4250] | Loss: 1.6992 | Time: 2727.02s
2026-03-26 17:45:38,290 - [Rank 0] - INFO - Epoch [2/6] | Batch [4150/4250] | Loss: 1.6987 | Time: 2759.64s
2026-03-26 17:46:10,830 - [Rank 0] - INFO - Epoch [2/6] | Batch [4200/4250] | Loss: 1.6983 | Time: 2792.18s
2026-03-26 17:46:44,676 - [Rank 0] - INFO - Epoch [2/6] | Batch [4250/4250] | Loss: 1.6979 | Time: 2826.03s
2026-03-26 17:46:44,805 - [Rank 0] - INFO - Train Loss: 1.6979 | Time: 2826.03s
2026-03-26 17:53:28,152 - [Rank 0] - INFO - Validation | Epoch [2/6] | Val Loss: 1.6762 | Batches: 284 (len(dataloader)=284) | Time: 403.34s
2026-03-26 17:53:36,997 - [Rank 0] - INFO - Checkpoint saved to ./checkpoints/v7.2.2/best_model.pth
2026-03-26 17:53:36,998 - [Rank 0] - INFO - ✓ New best model saved! (val_loss: 1.6762)
2026-03-26 17:53:40,165 - [Rank 0] - INFO - Checkpoint saved to ./checkpoints/v7.2.2/checkpoint_epoch_2.pth
2026-03-26 17:53:40,165 - [Rank 0] - INFO - 
Epoch [3/6]
2026-03-26 17:53:40,165 - [Rank 0] - INFO - ------------------------------------------------------------
2026-03-26 17:54:16,952 - [Rank 0] - INFO - Epoch [3/6] | Batch [50/4250] | Loss: 1.6386 | Time: 36.79s
2026-03-26 17:54:49,765 - [Rank 0] - INFO - Epoch [3/6] | Batch [100/4250] | Loss: 1.6585 | Time: 69.60s
2026-03-26 17:55:22,577 - [Rank 0] - INFO - Epoch [3/6] | Batch [150/4250] | Loss: 1.6573 | Time: 102.41s
2026-03-26 17:55:55,934 - [Rank 0] - INFO - Epoch [3/6] | Batch [200/4250] | Loss: 1.6535 | Time: 135.77s
2026-03-26 17:56:29,714 - [Rank 0] - INFO - Epoch [3/6] | Batch [250/4250] | Loss: 1.6539 | Time: 169.55s
2026-03-26 17:57:02,603 - [Rank 0] - INFO - Epoch [3/6] | Batch [300/4250] | Loss: 1.6546 | Time: 202.44s
2026-03-26 17:57:36,014 - [Rank 0] - INFO - Epoch [3/6] | Batch [350/4250] | Loss: 1.6556 | Time: 235.85s
2026-03-26 17:58:09,764 - [Rank 0] - INFO - Epoch [3/6] | Batch [400/4250] | Loss: 1.6578 | Time: 269.60s
2026-03-26 17:58:42,979 - [Rank 0] - INFO - Epoch [3/6] | Batch [450/4250] | Loss: 1.6589 | Time: 302.81s
2026-03-26 17:59:15,719 - [Rank 0] - INFO - Epoch [3/6] | Batch [500/4250] | Loss: 1.6598 | Time: 335.55s
2026-03-26 17:59:49,396 - [Rank 0] - INFO - Epoch [3/6] | Batch [550/4250] | Loss: 1.6583 | Time: 369.23s
2026-03-26 18:00:23,259 - [Rank 0] - INFO - Epoch [3/6] | Batch [600/4250] | Loss: 1.6589 | Time: 403.09s
2026-03-26 18:00:56,808 - [Rank 0] - INFO - Epoch [3/6] | Batch [650/4250] | Loss: 1.6587 | Time: 436.64s
2026-03-26 18:01:30,425 - [Rank 0] - INFO - Epoch [3/6] | Batch [700/4250] | Loss: 1.6599 | Time: 470.26s
2026-03-26 18:02:03,495 - [Rank 0] - INFO - Epoch [3/6] | Batch [750/4250] | Loss: 1.6602 | Time: 503.33s
2026-03-26 18:02:36,246 - [Rank 0] - INFO - Epoch [3/6] | Batch [800/4250] | Loss: 1.6597 | Time: 536.08s
2026-03-26 18:03:09,831 - [Rank 0] - INFO - Epoch [3/6] | Batch [850/4250] | Loss: 1.6593 | Time: 569.66s
2026-03-26 18:03:43,029 - [Rank 0] - INFO - Epoch [3/6] | Batch [900/4250] | Loss: 1.6585 | Time: 602.86s
2026-03-26 18:04:16,472 - [Rank 0] - INFO - Epoch [3/6] | Batch [950/4250] | Loss: 1.6592 | Time: 636.31s
2026-03-26 18:04:50,079 - [Rank 0] - INFO - Epoch [3/6] | Batch [1000/4250] | Loss: 1.6587 | Time: 669.91s
2026-03-26 18:05:23,426 - [Rank 0] - INFO - Epoch [3/6] | Batch [1050/4250] | Loss: 1.6592 | Time: 703.26s
2026-03-26 18:05:56,380 - [Rank 0] - INFO - Epoch [3/6] | Batch [1100/4250] | Loss: 1.6590 | Time: 736.21s
