2026-03-24 14:56:39,599 - [Rank 0] - INFO - ============================================================
2026-03-24 14:56:39,599 - [Rank 0] - INFO - RS3 Grid Distillation Training
2026-03-24 14:56:39,600 - [Rank 0] - INFO - ============================================================
2026-03-24 14:56:39,600 - [Rank 0] - INFO - Configuration:
2026-03-24 14:56:39,600 - [Rank 0] - INFO -   device: cuda
2026-03-24 14:56:39,600 - [Rank 0] - INFO -   rs3_tar_dir: /root/data/rs3_filtered
2026-03-24 14:56:39,600 - [Rank 0] - INFO -   rs3_val_dir: /root/data/rs3_filtered
2026-03-24 14:56:39,600 - [Rank 0] - INFO -   batch_size: 24
2026-03-24 14:56:39,600 - [Rank 0] - INFO -   num_workers: 8
2026-03-24 14:56:39,601 - [Rank 0] - INFO -   model_name: ViT-B-32
2026-03-24 14:56:39,601 - [Rank 0] - INFO -   pretrained_path: /root/checkpoint/RS5M_ViT-B-32.pt
2026-03-24 14:56:39,601 - [Rank 0] - INFO -   precision: fp32
2026-03-24 14:56:39,601 - [Rank 0] - INFO -   epochs: 6
2026-03-24 14:56:39,601 - [Rank 0] - INFO -   lr: 1.84e-06
2026-03-24 14:56:39,601 - [Rank 0] - INFO -   weight_decay: 0.1
2026-03-24 14:56:39,602 - [Rank 0] - INFO -   warmup_epochs: 1
2026-03-24 14:56:39,602 - [Rank 0] - INFO -   warmup_steps: 1500
2026-03-24 14:56:39,602 - [Rank 0] - INFO -   scheduler_type: cosine
2026-03-24 14:56:39,602 - [Rank 0] - INFO -   cooldown_steps: 0
2026-03-24 14:56:39,602 - [Rank 0] - INFO -   grad_clip: 1.0
2026-03-24 14:56:39,602 - [Rank 0] - INFO -   distill_align: roi_to_pooled_attn
2026-03-24 14:56:39,602 - [Rank 0] - INFO -   teacher_last_attn_type: qq
2026-03-24 14:56:39,603 - [Rank 0] - INFO -   distill_loss_weight: 0.1
2026-03-24 14:56:39,603 - [Rank 0] - INFO -   clip_loss_weight: 1.0
2026-03-24 14:56:39,603 - [Rank 0] - INFO -   optimizer_betas: (0.9, 0.98)
2026-03-24 14:56:39,603 - [Rank 0] - INFO -   optimizer_eps: 1e-08
2026-03-24 14:56:39,603 - [Rank 0] - INFO -   val_tar_count: 2
2026-03-24 14:56:39,604 - [Rank 0] - INFO -   train_tar_count: 30
2026-03-24 14:56:39,604 - [Rank 0] - INFO -   output_dir: ./checkpoints/v6
2026-03-24 14:56:39,604 - [Rank 0] - INFO -   log_dir: ./logs/v6
2026-03-24 14:56:39,606 - [Rank 0] - INFO -   tensorboard_dir: ./logs/v6/tensorboard
2026-03-24 14:56:39,606 - [Rank 0] - INFO -   save_freq: 1
2026-03-24 14:56:39,606 - [Rank 0] - INFO -   log_freq: 50
2026-03-24 14:56:39,606 - [Rank 0] - INFO -   local_rank: -1
2026-03-24 14:56:39,606 - [Rank 0] - INFO -   world_size: 1
2026-03-24 14:56:39,606 - [Rank 0] - INFO -   use_amp: True
2026-03-24 14:56:39,606 - [Rank 0] - INFO - 
2026-03-24 14:56:39,608 - [Rank 0] - INFO - TensorBoard 已启用。查看: tensorboard --logdir ./logs/v6/tensorboard
2026-03-24 14:56:39,608 - [Rank 0] - INFO - Building models...
2026-03-24 14:56:39,608 - [Rank 0] - INFO - Loading models from /root/checkpoint/RS5M_ViT-B-32.pt...
2026-03-24 14:56:39,608 - [Rank 0] - INFO - 
=== Loading Teacher Model ===
2026-03-24 14:56:39,608 - [Rank 0] - INFO - Parsing model identifier. Schema: None, Identifier: ViT-B-32
2026-03-24 14:56:39,609 - [Rank 0] - INFO - Loaded built-in ViT-B-32 model config.
2026-03-24 14:56:39,609 - [Rank 0] - INFO - `pretrained` specifies file path: /root/checkpoint/RS5M_ViT-B-32.pt
2026-03-24 14:56:39,609 - [Rank 0] - INFO - Instantiating model architecture: CLIP
2026-03-24 14:56:41,026 - [Rank 0] - INFO - Loading full pretrained weights from: /root/checkpoint/RS5M_ViT-B-32.pt
2026-03-24 14:56:43,375 - [Rank 0] - INFO - Final image preprocessing configuration set: {'size': (224, 224), 'mode': 'RGB', 'mean': (0.48145466, 0.4578275, 0.40821073), 'std': (0.26862954, 0.26130258, 0.27577711), 'interpolation': 'bicubic', 'resize_mode': 'shortest', 'fill_color': 0}
2026-03-24 14:56:43,375 - [Rank 0] - INFO - Model ViT-B-32 creation process complete.
2026-03-24 14:56:43,377 - [Rank 0] - INFO - ✓ Teacher model loaded and frozen
2026-03-24 14:56:43,377 - [Rank 0] - INFO -   - Model type: CLIP
2026-03-24 14:56:43,377 - [Rank 0] - INFO -   - Parameters: 151,277,313
2026-03-24 14:56:43,378 - [Rank 0] - INFO -   - Requires grad: 0 (frozen)
2026-03-24 14:56:43,378 - [Rank 0] - INFO - 
=== Loading Student Model ===
2026-03-24 14:56:43,378 - [Rank 0] - INFO - Parsing model identifier. Schema: None, Identifier: ViT-B-32
2026-03-24 14:56:43,378 - [Rank 0] - INFO - Loaded built-in ViT-B-32 model config.
2026-03-24 14:56:43,378 - [Rank 0] - INFO - `pretrained` specifies file path: /root/checkpoint/RS5M_ViT-B-32.pt
2026-03-24 14:56:43,378 - [Rank 0] - INFO - Instantiating model architecture: CLIP
2026-03-24 14:56:44,599 - [Rank 0] - INFO - Loading full pretrained weights from: /root/checkpoint/RS5M_ViT-B-32.pt
2026-03-24 14:56:45,203 - [Rank 0] - INFO - Final image preprocessing configuration set: {'size': (224, 224), 'mode': 'RGB', 'mean': (0.48145466, 0.4578275, 0.40821073), 'std': (0.26862954, 0.26130258, 0.27577711), 'interpolation': 'bicubic', 'resize_mode': 'shortest', 'fill_color': 0}
2026-03-24 14:56:45,203 - [Rank 0] - INFO - Model ViT-B-32 creation process complete.
2026-03-24 14:56:45,204 - [Rank 0] - INFO - ✓ Student model loaded with same initial weights
2026-03-24 14:56:45,205 - [Rank 0] - INFO -   - Model type: CLIP
2026-03-24 14:56:45,205 - [Rank 0] - INFO -   - Parameters: 151,277,313
2026-03-24 14:56:45,206 - [Rank 0] - INFO -   - Requires grad: 302 (trainable)
2026-03-24 14:56:45,745 - [Rank 0] - INFO - Models moved to device: cuda
2026-03-24 14:56:45,745 - [Rank 0] - INFO - 
Building dataloaders...
2026-03-24 14:56:45,756 - [Rank 0] - WARNING - split=val: WebDataset 仅有 2 个 shard(.tar)，num_workers=8 会导致 6 个 worker 分不到数据、验证/训练提前结束。已将 num_workers 限制为 2。
2026-03-24 14:56:45,756 - [Rank 0] - INFO - Train loader: 4250 batches
2026-03-24 14:56:45,756 - [Rank 0] - INFO - Val loader: 284 batches
2026-03-24 14:56:45,756 - [Rank 0] - INFO - 
Building optimizer...
2026-03-24 14:56:45,758 - [Rank 0] - INFO - Optimizer: AdamW (lr=1.84e-06, betas=(0.9, 0.98), eps=1e-08, weight_decay=0.1)
2026-03-24 14:56:45,758 - [Rank 0] - INFO - Optimizing student model parameters only
2026-03-24 14:56:45,758 - [Rank 0] - INFO - Scheduler: Cosine (warmup_steps=1500, total_steps=25500)
2026-03-24 14:56:45,758 - [Rank 0] - INFO - Loss function: mse
2026-03-24 14:56:45,758 - [Rank 0] - INFO - AMP enabled: True
2026-03-24 14:56:45,758 - [Rank 0] - INFO - 
============================================================
2026-03-24 14:56:45,758 - [Rank 0] - INFO - Starting training...
2026-03-24 14:56:45,758 - [Rank 0] - INFO - ============================================================
2026-03-24 14:56:45,758 - [Rank 0] - INFO - 
Epoch [1/6]
2026-03-24 14:56:45,758 - [Rank 0] - INFO - ------------------------------------------------------------
2026-03-24 14:57:29,248 - [Rank 0] - INFO - Epoch [1/6] | Batch [50/4250] | Loss: 3.0499 | Time: 43.49s
2026-03-24 14:58:05,816 - [Rank 0] - INFO - Epoch [1/6] | Batch [100/4250] | Loss: 2.9881 | Time: 80.06s
2026-03-24 14:58:40,302 - [Rank 0] - INFO - Epoch [1/6] | Batch [150/4250] | Loss: 2.9118 | Time: 114.54s
2026-03-24 14:59:15,891 - [Rank 0] - INFO - Epoch [1/6] | Batch [200/4250] | Loss: 2.8420 | Time: 150.13s
2026-03-24 14:59:50,332 - [Rank 0] - INFO - Epoch [1/6] | Batch [250/4250] | Loss: 2.7798 | Time: 184.57s
2026-03-24 15:00:26,277 - [Rank 0] - INFO - Epoch [1/6] | Batch [300/4250] | Loss: 2.7266 | Time: 220.52s
2026-03-24 15:01:01,641 - [Rank 0] - INFO - Epoch [1/6] | Batch [350/4250] | Loss: 2.6782 | Time: 255.88s
2026-03-24 15:01:36,409 - [Rank 0] - INFO - Epoch [1/6] | Batch [400/4250] | Loss: 2.6331 | Time: 290.65s
2026-03-24 15:02:12,777 - [Rank 0] - INFO - Epoch [1/6] | Batch [450/4250] | Loss: 2.5924 | Time: 327.02s
2026-03-24 15:02:48,518 - [Rank 0] - INFO - Epoch [1/6] | Batch [500/4250] | Loss: 2.5557 | Time: 362.76s
2026-03-24 15:03:23,845 - [Rank 0] - INFO - Epoch [1/6] | Batch [550/4250] | Loss: 2.5201 | Time: 398.08s
2026-03-24 15:03:58,368 - [Rank 0] - INFO - Epoch [1/6] | Batch [600/4250] | Loss: 2.4883 | Time: 432.61s
2026-03-24 15:04:32,941 - [Rank 0] - INFO - Epoch [1/6] | Batch [650/4250] | Loss: 2.4580 | Time: 467.18s
2026-03-24 15:05:08,084 - [Rank 0] - INFO - Epoch [1/6] | Batch [700/4250] | Loss: 2.4297 | Time: 502.32s
2026-03-24 15:05:44,357 - [Rank 0] - INFO - Epoch [1/6] | Batch [750/4250] | Loss: 2.4034 | Time: 538.60s
2026-03-24 15:06:20,985 - [Rank 0] - INFO - Epoch [1/6] | Batch [800/4250] | Loss: 2.3795 | Time: 575.22s
2026-03-24 15:06:57,139 - [Rank 0] - INFO - Epoch [1/6] | Batch [850/4250] | Loss: 2.3568 | Time: 611.38s
2026-03-24 15:07:33,343 - [Rank 0] - INFO - Epoch [1/6] | Batch [900/4250] | Loss: 2.3358 | Time: 647.58s
2026-03-24 15:08:09,263 - [Rank 0] - INFO - Epoch [1/6] | Batch [950/4250] | Loss: 2.3158 | Time: 683.50s
2026-03-24 15:08:45,901 - [Rank 0] - INFO - Epoch [1/6] | Batch [1000/4250] | Loss: 2.2971 | Time: 720.14s
2026-03-24 15:09:22,980 - [Rank 0] - INFO - Epoch [1/6] | Batch [1050/4250] | Loss: 2.2793 | Time: 757.22s
2026-03-24 15:09:58,062 - [Rank 0] - INFO - Epoch [1/6] | Batch [1100/4250] | Loss: 2.2623 | Time: 792.30s
2026-03-24 15:10:32,808 - [Rank 0] - INFO - Epoch [1/6] | Batch [1150/4250] | Loss: 2.2462 | Time: 827.05s
2026-03-24 15:11:07,002 - [Rank 0] - INFO - Epoch [1/6] | Batch [1200/4250] | Loss: 2.2321 | Time: 861.24s
2026-03-24 15:11:41,969 - [Rank 0] - INFO - Epoch [1/6] | Batch [1250/4250] | Loss: 2.2179 | Time: 896.21s
2026-03-24 15:12:17,968 - [Rank 0] - INFO - Epoch [1/6] | Batch [1300/4250] | Loss: 2.2047 | Time: 932.21s
2026-03-24 15:12:53,581 - [Rank 0] - INFO - Epoch [1/6] | Batch [1350/4250] | Loss: 2.1926 | Time: 967.82s
2026-03-24 15:13:27,481 - [Rank 0] - INFO - Epoch [1/6] | Batch [1400/4250] | Loss: 2.1801 | Time: 1001.72s
2026-03-24 15:14:02,396 - [Rank 0] - INFO - Epoch [1/6] | Batch [1450/4250] | Loss: 2.1677 | Time: 1036.64s
2026-03-24 15:14:37,969 - [Rank 0] - INFO - Epoch [1/6] | Batch [1500/4250] | Loss: 2.1567 | Time: 1072.21s
2026-03-24 15:15:14,302 - [Rank 0] - INFO - Epoch [1/6] | Batch [1550/4250] | Loss: 2.1458 | Time: 1108.54s
2026-03-24 15:15:50,197 - [Rank 0] - INFO - Epoch [1/6] | Batch [1600/4250] | Loss: 2.1352 | Time: 1144.44s
2026-03-24 15:16:26,905 - [Rank 0] - INFO - Epoch [1/6] | Batch [1650/4250] | Loss: 2.1252 | Time: 1181.14s
2026-03-24 15:17:04,010 - [Rank 0] - INFO - Epoch [1/6] | Batch [1700/4250] | Loss: 2.1156 | Time: 1218.25s
2026-03-24 15:17:40,199 - [Rank 0] - INFO - Epoch [1/6] | Batch [1750/4250] | Loss: 2.1059 | Time: 1254.44s
2026-03-24 15:18:16,172 - [Rank 0] - INFO - Epoch [1/6] | Batch [1800/4250] | Loss: 2.0967 | Time: 1290.41s
2026-03-24 15:18:52,187 - [Rank 0] - INFO - Epoch [1/6] | Batch [1850/4250] | Loss: 2.0883 | Time: 1326.43s
2026-03-24 15:19:27,904 - [Rank 0] - INFO - Epoch [1/6] | Batch [1900/4250] | Loss: 2.0801 | Time: 1362.14s
2026-03-24 15:20:03,092 - [Rank 0] - INFO - Epoch [1/6] | Batch [1950/4250] | Loss: 2.0725 | Time: 1397.33s
2026-03-24 15:20:37,773 - [Rank 0] - INFO - Epoch [1/6] | Batch [2000/4250] | Loss: 2.0650 | Time: 1432.01s
2026-03-24 15:21:14,625 - [Rank 0] - INFO - Epoch [1/6] | Batch [2050/4250] | Loss: 2.0579 | Time: 1468.87s
2026-03-24 15:21:49,363 - [Rank 0] - INFO - Epoch [1/6] | Batch [2100/4250] | Loss: 2.0510 | Time: 1503.60s
2026-03-24 15:22:24,970 - [Rank 0] - INFO - Epoch [1/6] | Batch [2150/4250] | Loss: 2.0446 | Time: 1539.21s
2026-03-24 15:23:01,715 - [Rank 0] - INFO - Epoch [1/6] | Batch [2200/4250] | Loss: 2.0380 | Time: 1575.95s
2026-03-24 15:23:38,366 - [Rank 0] - INFO - Epoch [1/6] | Batch [2250/4250] | Loss: 2.0319 | Time: 1612.61s
2026-03-24 15:24:13,907 - [Rank 0] - INFO - Epoch [1/6] | Batch [2300/4250] | Loss: 2.0259 | Time: 1648.15s
2026-03-24 15:24:49,239 - [Rank 0] - INFO - Epoch [1/6] | Batch [2350/4250] | Loss: 2.0202 | Time: 1683.48s
2026-03-24 15:25:24,854 - [Rank 0] - INFO - Epoch [1/6] | Batch [2400/4250] | Loss: 2.0143 | Time: 1719.09s
2026-03-24 15:26:00,619 - [Rank 0] - INFO - Epoch [1/6] | Batch [2450/4250] | Loss: 2.0087 | Time: 1754.86s
2026-03-24 15:26:35,572 - [Rank 0] - INFO - Epoch [1/6] | Batch [2500/4250] | Loss: 2.0032 | Time: 1789.81s
2026-03-24 15:27:10,857 - [Rank 0] - INFO - Epoch [1/6] | Batch [2550/4250] | Loss: 1.9984 | Time: 1825.10s
2026-03-24 15:27:46,330 - [Rank 0] - INFO - Epoch [1/6] | Batch [2600/4250] | Loss: 1.9936 | Time: 1860.57s
2026-03-24 15:28:21,568 - [Rank 0] - INFO - Epoch [1/6] | Batch [2650/4250] | Loss: 1.9883 | Time: 1895.81s
2026-03-24 15:28:56,429 - [Rank 0] - INFO - Epoch [1/6] | Batch [2700/4250] | Loss: 1.9835 | Time: 1930.67s
2026-03-24 15:29:31,766 - [Rank 0] - INFO - Epoch [1/6] | Batch [2750/4250] | Loss: 1.9790 | Time: 1966.01s
2026-03-24 15:30:07,236 - [Rank 0] - INFO - Epoch [1/6] | Batch [2800/4250] | Loss: 1.9744 | Time: 2001.48s
2026-03-24 15:30:43,141 - [Rank 0] - INFO - Epoch [1/6] | Batch [2850/4250] | Loss: 1.9700 | Time: 2037.38s
2026-03-24 15:31:19,313 - [Rank 0] - INFO - Epoch [1/6] | Batch [2900/4250] | Loss: 1.9660 | Time: 2073.55s
2026-03-24 15:31:57,140 - [Rank 0] - INFO - Epoch [1/6] | Batch [2950/4250] | Loss: 1.9616 | Time: 2111.38s
2026-03-24 15:32:33,797 - [Rank 0] - INFO - Epoch [1/6] | Batch [3000/4250] | Loss: 1.9572 | Time: 2148.04s
2026-03-24 15:33:09,786 - [Rank 0] - INFO - Epoch [1/6] | Batch [3050/4250] | Loss: 1.9532 | Time: 2184.03s
2026-03-24 15:33:46,051 - [Rank 0] - INFO - Epoch [1/6] | Batch [3100/4250] | Loss: 1.9495 | Time: 2220.29s
2026-03-24 15:34:22,215 - [Rank 0] - INFO - Epoch [1/6] | Batch [3150/4250] | Loss: 1.9458 | Time: 2256.45s
2026-03-24 15:34:58,655 - [Rank 0] - INFO - Epoch [1/6] | Batch [3200/4250] | Loss: 1.9421 | Time: 2292.89s
2026-03-24 15:35:33,397 - [Rank 0] - INFO - Epoch [1/6] | Batch [3250/4250] | Loss: 1.9386 | Time: 2327.64s
2026-03-24 15:36:08,976 - [Rank 0] - INFO - Epoch [1/6] | Batch [3300/4250] | Loss: 1.9352 | Time: 2363.22s
2026-03-24 15:36:45,879 - [Rank 0] - INFO - Epoch [1/6] | Batch [3350/4250] | Loss: 1.9318 | Time: 2400.12s
2026-03-24 15:37:22,564 - [Rank 0] - INFO - Epoch [1/6] | Batch [3400/4250] | Loss: 1.9284 | Time: 2436.80s
2026-03-24 15:37:58,159 - [Rank 0] - INFO - Epoch [1/6] | Batch [3450/4250] | Loss: 1.9251 | Time: 2472.40s
2026-03-24 15:38:33,949 - [Rank 0] - INFO - Epoch [1/6] | Batch [3500/4250] | Loss: 1.9217 | Time: 2508.19s
2026-03-24 15:39:10,622 - [Rank 0] - INFO - Epoch [1/6] | Batch [3550/4250] | Loss: 1.9185 | Time: 2544.86s
2026-03-24 15:39:47,734 - [Rank 0] - INFO - Epoch [1/6] | Batch [3600/4250] | Loss: 1.9156 | Time: 2581.97s
2026-03-24 15:40:24,012 - [Rank 0] - INFO - Epoch [1/6] | Batch [3650/4250] | Loss: 1.9123 | Time: 2618.25s
2026-03-24 15:40:59,617 - [Rank 0] - INFO - Epoch [1/6] | Batch [3700/4250] | Loss: 1.9093 | Time: 2653.86s
2026-03-24 15:41:35,327 - [Rank 0] - INFO - Epoch [1/6] | Batch [3750/4250] | Loss: 1.9063 | Time: 2689.57s
2026-03-24 15:42:10,938 - [Rank 0] - INFO - Epoch [1/6] | Batch [3800/4250] | Loss: 1.9035 | Time: 2725.18s
2026-03-24 15:42:47,316 - [Rank 0] - INFO - Epoch [1/6] | Batch [3850/4250] | Loss: 1.9004 | Time: 2761.56s
2026-03-24 15:43:23,426 - [Rank 0] - INFO - Epoch [1/6] | Batch [3900/4250] | Loss: 1.8975 | Time: 2797.67s
2026-03-24 15:43:58,733 - [Rank 0] - INFO - Epoch [1/6] | Batch [3950/4250] | Loss: 1.8951 | Time: 2832.97s
2026-03-24 15:44:35,671 - [Rank 0] - INFO - Epoch [1/6] | Batch [4000/4250] | Loss: 1.8925 | Time: 2869.91s
2026-03-24 15:45:12,054 - [Rank 0] - INFO - Epoch [1/6] | Batch [4050/4250] | Loss: 1.8900 | Time: 2906.29s
2026-03-24 15:45:46,922 - [Rank 0] - INFO - Epoch [1/6] | Batch [4100/4250] | Loss: 1.8874 | Time: 2941.16s
2026-03-24 15:46:22,227 - [Rank 0] - INFO - Epoch [1/6] | Batch [4150/4250] | Loss: 1.8847 | Time: 2976.47s
2026-03-24 15:46:57,070 - [Rank 0] - INFO - Epoch [1/6] | Batch [4200/4250] | Loss: 1.8821 | Time: 3011.31s
2026-03-24 15:47:32,761 - [Rank 0] - INFO - Epoch [1/6] | Batch [4250/4250] | Loss: 1.8797 | Time: 3047.00s
2026-03-24 15:47:33,003 - [Rank 0] - INFO - Train Loss: 1.8797 | Time: 3047.00s
2026-03-24 15:55:29,683 - [Rank 0] - INFO - Validation | Epoch [1/6] | Val Loss: 1.6742 | Batches: 284 (len(dataloader)=284) | Time: 476.68s
2026-03-24 15:55:32,147 - [Rank 0] - INFO - Checkpoint saved to ./checkpoints/v6/best_model.pth
2026-03-24 15:55:32,148 - [Rank 0] - INFO - ✓ New best model saved! (val_loss: 1.6742)
2026-03-24 15:55:34,553 - [Rank 0] - INFO - Checkpoint saved to ./checkpoints/v6/checkpoint_epoch_1.pth
2026-03-24 15:55:34,553 - [Rank 0] - INFO - 
Epoch [2/6]
2026-03-24 15:55:34,554 - [Rank 0] - INFO - ------------------------------------------------------------
2026-03-24 15:56:17,731 - [Rank 0] - INFO - Epoch [2/6] | Batch [50/4250] | Loss: 1.6700 | Time: 43.18s
2026-03-24 15:56:55,052 - [Rank 0] - INFO - Epoch [2/6] | Batch [100/4250] | Loss: 1.6735 | Time: 80.50s
2026-03-24 15:57:33,866 - [Rank 0] - INFO - Epoch [2/6] | Batch [150/4250] | Loss: 1.6710 | Time: 119.31s
2026-03-24 15:58:12,395 - [Rank 0] - INFO - Epoch [2/6] | Batch [200/4250] | Loss: 1.6746 | Time: 157.84s
2026-03-24 15:58:50,115 - [Rank 0] - INFO - Epoch [2/6] | Batch [250/4250] | Loss: 1.6746 | Time: 195.56s
2026-03-24 15:59:26,027 - [Rank 0] - INFO - Epoch [2/6] | Batch [300/4250] | Loss: 1.6722 | Time: 231.47s
2026-03-24 16:00:03,699 - [Rank 0] - INFO - Epoch [2/6] | Batch [350/4250] | Loss: 1.6728 | Time: 269.14s
2026-03-24 16:00:41,239 - [Rank 0] - INFO - Epoch [2/6] | Batch [400/4250] | Loss: 1.6733 | Time: 306.68s
2026-03-24 16:01:17,814 - [Rank 0] - INFO - Epoch [2/6] | Batch [450/4250] | Loss: 1.6735 | Time: 343.26s
2026-03-24 16:01:55,959 - [Rank 0] - INFO - Epoch [2/6] | Batch [500/4250] | Loss: 1.6712 | Time: 381.40s
2026-03-24 16:02:32,937 - [Rank 0] - INFO - Epoch [2/6] | Batch [550/4250] | Loss: 1.6700 | Time: 418.38s
2026-03-24 16:03:09,374 - [Rank 0] - INFO - Epoch [2/6] | Batch [600/4250] | Loss: 1.6696 | Time: 454.82s
2026-03-24 16:03:46,462 - [Rank 0] - INFO - Epoch [2/6] | Batch [650/4250] | Loss: 1.6688 | Time: 491.91s
2026-03-24 16:04:24,624 - [Rank 0] - INFO - Epoch [2/6] | Batch [700/4250] | Loss: 1.6685 | Time: 530.07s
2026-03-24 16:05:01,635 - [Rank 0] - INFO - Epoch [2/6] | Batch [750/4250] | Loss: 1.6676 | Time: 567.08s
2026-03-24 16:05:39,981 - [Rank 0] - INFO - Epoch [2/6] | Batch [800/4250] | Loss: 1.6669 | Time: 605.43s
2026-03-24 16:06:17,055 - [Rank 0] - INFO - Epoch [2/6] | Batch [850/4250] | Loss: 1.6662 | Time: 642.50s
2026-03-24 16:06:54,908 - [Rank 0] - INFO - Epoch [2/6] | Batch [900/4250] | Loss: 1.6658 | Time: 680.35s
2026-03-24 16:07:32,254 - [Rank 0] - INFO - Epoch [2/6] | Batch [950/4250] | Loss: 1.6643 | Time: 717.70s
2026-03-24 16:08:08,265 - [Rank 0] - INFO - Epoch [2/6] | Batch [1000/4250] | Loss: 1.6635 | Time: 753.71s
2026-03-24 16:08:45,593 - [Rank 0] - INFO - Epoch [2/6] | Batch [1050/4250] | Loss: 1.6619 | Time: 791.04s
2026-03-24 16:09:24,164 - [Rank 0] - INFO - Epoch [2/6] | Batch [1100/4250] | Loss: 1.6603 | Time: 829.61s
2026-03-24 16:10:01,410 - [Rank 0] - INFO - Epoch [2/6] | Batch [1150/4250] | Loss: 1.6600 | Time: 866.85s
2026-03-24 16:10:38,953 - [Rank 0] - INFO - Epoch [2/6] | Batch [1200/4250] | Loss: 1.6601 | Time: 904.40s
2026-03-24 16:11:15,130 - [Rank 0] - INFO - Epoch [2/6] | Batch [1250/4250] | Loss: 1.6596 | Time: 940.57s
2026-03-24 16:11:51,862 - [Rank 0] - INFO - Epoch [2/6] | Batch [1300/4250] | Loss: 1.6586 | Time: 977.31s
2026-03-24 16:12:28,700 - [Rank 0] - INFO - Epoch [2/6] | Batch [1350/4250] | Loss: 1.6576 | Time: 1014.14s
2026-03-24 16:13:06,411 - [Rank 0] - INFO - Epoch [2/6] | Batch [1400/4250] | Loss: 1.6572 | Time: 1051.85s
2026-03-24 16:13:44,200 - [Rank 0] - INFO - Epoch [2/6] | Batch [1450/4250] | Loss: 1.6561 | Time: 1089.64s
2026-03-24 16:14:20,990 - [Rank 0] - INFO - Epoch [2/6] | Batch [1500/4250] | Loss: 1.6556 | Time: 1126.43s
2026-03-24 16:14:56,903 - [Rank 0] - INFO - Epoch [2/6] | Batch [1550/4250] | Loss: 1.6551 | Time: 1162.35s
2026-03-24 16:15:33,884 - [Rank 0] - INFO - Epoch [2/6] | Batch [1600/4250] | Loss: 1.6555 | Time: 1199.33s
2026-03-24 16:16:09,570 - [Rank 0] - INFO - Epoch [2/6] | Batch [1650/4250] | Loss: 1.6553 | Time: 1235.01s
2026-03-24 16:16:46,952 - [Rank 0] - INFO - Epoch [2/6] | Batch [1700/4250] | Loss: 1.6547 | Time: 1272.40s
2026-03-24 16:17:24,558 - [Rank 0] - INFO - Epoch [2/6] | Batch [1750/4250] | Loss: 1.6544 | Time: 1310.00s
2026-03-24 16:18:00,364 - [Rank 0] - INFO - Epoch [2/6] | Batch [1800/4250] | Loss: 1.6539 | Time: 1345.81s
2026-03-24 16:18:37,099 - [Rank 0] - INFO - Epoch [2/6] | Batch [1850/4250] | Loss: 1.6532 | Time: 1382.54s
2026-03-24 16:19:16,536 - [Rank 0] - INFO - Epoch [2/6] | Batch [1900/4250] | Loss: 1.6525 | Time: 1421.98s
2026-03-24 16:19:52,890 - [Rank 0] - INFO - Epoch [2/6] | Batch [1950/4250] | Loss: 1.6519 | Time: 1458.33s
2026-03-24 16:20:29,313 - [Rank 0] - INFO - Epoch [2/6] | Batch [2000/4250] | Loss: 1.6508 | Time: 1494.76s
2026-03-24 16:21:06,203 - [Rank 0] - INFO - Epoch [2/6] | Batch [2050/4250] | Loss: 1.6498 | Time: 1531.65s
2026-03-24 16:21:42,689 - [Rank 0] - INFO - Epoch [2/6] | Batch [2100/4250] | Loss: 1.6494 | Time: 1568.13s
2026-03-24 16:22:18,364 - [Rank 0] - INFO - Epoch [2/6] | Batch [2150/4250] | Loss: 1.6488 | Time: 1603.81s
2026-03-24 16:22:55,447 - [Rank 0] - INFO - Epoch [2/6] | Batch [2200/4250] | Loss: 1.6483 | Time: 1640.89s
2026-03-24 16:23:32,825 - [Rank 0] - INFO - Epoch [2/6] | Batch [2250/4250] | Loss: 1.6476 | Time: 1678.27s
2026-03-24 16:24:10,063 - [Rank 0] - INFO - Epoch [2/6] | Batch [2300/4250] | Loss: 1.6477 | Time: 1715.51s
2026-03-24 16:24:47,464 - [Rank 0] - INFO - Epoch [2/6] | Batch [2350/4250] | Loss: 1.6470 | Time: 1752.91s
2026-03-24 16:25:24,749 - [Rank 0] - INFO - Epoch [2/6] | Batch [2400/4250] | Loss: 1.6463 | Time: 1790.19s
2026-03-24 16:26:01,855 - [Rank 0] - INFO - Epoch [2/6] | Batch [2450/4250] | Loss: 1.6462 | Time: 1827.30s
2026-03-24 16:26:38,792 - [Rank 0] - INFO - Epoch [2/6] | Batch [2500/4250] | Loss: 1.6457 | Time: 1864.24s
2026-03-24 16:27:16,368 - [Rank 0] - INFO - Epoch [2/6] | Batch [2550/4250] | Loss: 1.6454 | Time: 1901.81s
2026-03-24 16:27:53,478 - [Rank 0] - INFO - Epoch [2/6] | Batch [2600/4250] | Loss: 1.6449 | Time: 1938.92s
2026-03-24 16:28:32,052 - [Rank 0] - INFO - Epoch [2/6] | Batch [2650/4250] | Loss: 1.6447 | Time: 1977.50s
2026-03-24 16:29:10,999 - [Rank 0] - INFO - Epoch [2/6] | Batch [2700/4250] | Loss: 1.6440 | Time: 2016.44s
2026-03-24 16:29:47,633 - [Rank 0] - INFO - Epoch [2/6] | Batch [2750/4250] | Loss: 1.6434 | Time: 2053.08s
2026-03-24 16:30:25,447 - [Rank 0] - INFO - Epoch [2/6] | Batch [2800/4250] | Loss: 1.6429 | Time: 2090.89s
2026-03-24 16:31:04,369 - [Rank 0] - INFO - Epoch [2/6] | Batch [2850/4250] | Loss: 1.6424 | Time: 2129.81s
2026-03-24 16:31:41,968 - [Rank 0] - INFO - Epoch [2/6] | Batch [2900/4250] | Loss: 1.6422 | Time: 2167.41s
2026-03-24 16:32:18,926 - [Rank 0] - INFO - Epoch [2/6] | Batch [2950/4250] | Loss: 1.6416 | Time: 2204.37s
2026-03-24 16:32:57,198 - [Rank 0] - INFO - Epoch [2/6] | Batch [3000/4250] | Loss: 1.6411 | Time: 2242.64s
2026-03-24 16:33:33,744 - [Rank 0] - INFO - Epoch [2/6] | Batch [3050/4250] | Loss: 1.6406 | Time: 2279.19s
2026-03-24 16:34:12,508 - [Rank 0] - INFO - Epoch [2/6] | Batch [3100/4250] | Loss: 1.6403 | Time: 2317.95s
2026-03-24 16:34:48,911 - [Rank 0] - INFO - Epoch [2/6] | Batch [3150/4250] | Loss: 1.6400 | Time: 2354.35s
2026-03-24 16:35:27,336 - [Rank 0] - INFO - Epoch [2/6] | Batch [3200/4250] | Loss: 1.6395 | Time: 2392.78s
2026-03-24 16:36:04,546 - [Rank 0] - INFO - Epoch [2/6] | Batch [3250/4250] | Loss: 1.6392 | Time: 2429.99s
2026-03-24 16:36:43,207 - [Rank 0] - INFO - Epoch [2/6] | Batch [3300/4250] | Loss: 1.6385 | Time: 2468.65s
2026-03-24 16:37:21,103 - [Rank 0] - INFO - Epoch [2/6] | Batch [3350/4250] | Loss: 1.6381 | Time: 2506.55s
2026-03-24 16:37:59,067 - [Rank 0] - INFO - Epoch [2/6] | Batch [3400/4250] | Loss: 1.6376 | Time: 2544.51s
2026-03-24 16:38:39,450 - [Rank 0] - INFO - Epoch [2/6] | Batch [3450/4250] | Loss: 1.6371 | Time: 2584.89s
2026-03-24 16:39:15,973 - [Rank 0] - INFO - Epoch [2/6] | Batch [3500/4250] | Loss: 1.6368 | Time: 2621.42s
2026-03-24 16:39:53,010 - [Rank 0] - INFO - Epoch [2/6] | Batch [3550/4250] | Loss: 1.6365 | Time: 2658.45s
2026-03-24 16:40:31,209 - [Rank 0] - INFO - Epoch [2/6] | Batch [3600/4250] | Loss: 1.6364 | Time: 2696.65s
2026-03-24 16:41:09,257 - [Rank 0] - INFO - Epoch [2/6] | Batch [3650/4250] | Loss: 1.6360 | Time: 2734.70s
2026-03-24 16:41:45,737 - [Rank 0] - INFO - Epoch [2/6] | Batch [3700/4250] | Loss: 1.6356 | Time: 2771.18s
2026-03-24 16:42:22,546 - [Rank 0] - INFO - Epoch [2/6] | Batch [3750/4250] | Loss: 1.6351 | Time: 2807.99s
2026-03-24 16:42:59,661 - [Rank 0] - INFO - Epoch [2/6] | Batch [3800/4250] | Loss: 1.6351 | Time: 2845.10s
2026-03-24 16:43:35,936 - [Rank 0] - INFO - Epoch [2/6] | Batch [3850/4250] | Loss: 1.6347 | Time: 2881.38s
2026-03-24 16:44:12,271 - [Rank 0] - INFO - Epoch [2/6] | Batch [3900/4250] | Loss: 1.6343 | Time: 2917.71s
2026-03-24 16:44:49,438 - [Rank 0] - INFO - Epoch [2/6] | Batch [3950/4250] | Loss: 1.6341 | Time: 2954.88s
2026-03-24 16:45:25,608 - [Rank 0] - INFO - Epoch [2/6] | Batch [4000/4250] | Loss: 1.6337 | Time: 2991.05s
2026-03-24 16:46:02,513 - [Rank 0] - INFO - Epoch [2/6] | Batch [4050/4250] | Loss: 1.6332 | Time: 3027.96s
2026-03-24 16:46:39,568 - [Rank 0] - INFO - Epoch [2/6] | Batch [4100/4250] | Loss: 1.6328 | Time: 3065.01s
2026-03-24 16:47:17,432 - [Rank 0] - INFO - Epoch [2/6] | Batch [4150/4250] | Loss: 1.6322 | Time: 3102.88s
2026-03-24 16:47:55,363 - [Rank 0] - INFO - Epoch [2/6] | Batch [4200/4250] | Loss: 1.6318 | Time: 3140.81s
2026-03-24 16:48:32,864 - [Rank 0] - INFO - Epoch [2/6] | Batch [4250/4250] | Loss: 1.6315 | Time: 3178.31s
2026-03-24 16:48:33,078 - [Rank 0] - INFO - Train Loss: 1.6315 | Time: 3178.31s
2026-03-24 16:57:00,312 - [Rank 0] - INFO - Validation | Epoch [2/6] | Val Loss: 1.6104 | Batches: 284 (len(dataloader)=284) | Time: 507.23s
2026-03-24 16:57:07,094 - [Rank 0] - INFO - Checkpoint saved to ./checkpoints/v6/best_model.pth
2026-03-24 16:57:07,095 - [Rank 0] - INFO - ✓ New best model saved! (val_loss: 1.6104)
2026-03-24 16:57:09,687 - [Rank 0] - INFO - Checkpoint saved to ./checkpoints/v6/checkpoint_epoch_2.pth
2026-03-24 16:57:09,687 - [Rank 0] - INFO - 
Epoch [3/6]
2026-03-24 16:57:09,687 - [Rank 0] - INFO - ------------------------------------------------------------
2026-03-24 16:57:52,737 - [Rank 0] - INFO - Epoch [3/6] | Batch [50/4250] | Loss: 1.5723 | Time: 43.05s
2026-03-24 16:58:31,113 - [Rank 0] - INFO - Epoch [3/6] | Batch [100/4250] | Loss: 1.5920 | Time: 81.42s
2026-03-24 16:59:08,386 - [Rank 0] - INFO - Epoch [3/6] | Batch [150/4250] | Loss: 1.5910 | Time: 118.70s
2026-03-24 16:59:47,739 - [Rank 0] - INFO - Epoch [3/6] | Batch [200/4250] | Loss: 1.5872 | Time: 158.05s
2026-03-24 17:00:25,673 - [Rank 0] - INFO - Epoch [3/6] | Batch [250/4250] | Loss: 1.5877 | Time: 195.98s
2026-03-24 17:01:03,892 - [Rank 0] - INFO - Epoch [3/6] | Batch [300/4250] | Loss: 1.5883 | Time: 234.20s
2026-03-24 17:01:41,385 - [Rank 0] - INFO - Epoch [3/6] | Batch [350/4250] | Loss: 1.5894 | Time: 271.70s
2026-03-24 17:02:18,269 - [Rank 0] - INFO - Epoch [3/6] | Batch [400/4250] | Loss: 1.5916 | Time: 308.58s
2026-03-24 17:02:55,572 - [Rank 0] - INFO - Epoch [3/6] | Batch [450/4250] | Loss: 1.5928 | Time: 345.88s
2026-03-24 17:03:34,204 - [Rank 0] - INFO - Epoch [3/6] | Batch [500/4250] | Loss: 1.5937 | Time: 384.51s
2026-03-24 17:04:10,478 - [Rank 0] - INFO - Epoch [3/6] | Batch [550/4250] | Loss: 1.5922 | Time: 420.79s
2026-03-24 17:04:45,787 - [Rank 0] - INFO - Epoch [3/6] | Batch [600/4250] | Loss: 1.5929 | Time: 456.10s
2026-03-24 17:05:21,729 - [Rank 0] - INFO - Epoch [3/6] | Batch [650/4250] | Loss: 1.5928 | Time: 492.04s
2026-03-24 17:05:58,420 - [Rank 0] - INFO - Epoch [3/6] | Batch [700/4250] | Loss: 1.5939 | Time: 528.73s
2026-03-24 17:06:37,706 - [Rank 0] - INFO - Epoch [3/6] | Batch [750/4250] | Loss: 1.5943 | Time: 568.02s
2026-03-24 17:07:16,837 - [Rank 0] - INFO - Epoch [3/6] | Batch [800/4250] | Loss: 1.5939 | Time: 607.15s
2026-03-24 17:07:54,813 - [Rank 0] - INFO - Epoch [3/6] | Batch [850/4250] | Loss: 1.5935 | Time: 645.12s
2026-03-24 17:08:31,730 - [Rank 0] - INFO - Epoch [3/6] | Batch [900/4250] | Loss: 1.5927 | Time: 682.04s
2026-03-24 17:09:07,581 - [Rank 0] - INFO - Epoch [3/6] | Batch [950/4250] | Loss: 1.5934 | Time: 717.89s
2026-03-24 17:09:44,887 - [Rank 0] - INFO - Epoch [3/6] | Batch [1000/4250] | Loss: 1.5929 | Time: 755.20s
2026-03-24 17:10:23,955 - [Rank 0] - INFO - Epoch [3/6] | Batch [1050/4250] | Loss: 1.5935 | Time: 794.27s
2026-03-24 17:11:02,674 - [Rank 0] - INFO - Epoch [3/6] | Batch [1100/4250] | Loss: 1.5933 | Time: 832.99s
2026-03-24 17:11:38,905 - [Rank 0] - INFO - Epoch [3/6] | Batch [1150/4250] | Loss: 1.5934 | Time: 869.22s
2026-03-24 17:12:15,723 - [Rank 0] - INFO - Epoch [3/6] | Batch [1200/4250] | Loss: 1.5931 | Time: 906.03s
2026-03-24 17:12:52,899 - [Rank 0] - INFO - Epoch [3/6] | Batch [1250/4250] | Loss: 1.5919 | Time: 943.21s
2026-03-24 17:13:29,521 - [Rank 0] - INFO - Epoch [3/6] | Batch [1300/4250] | Loss: 1.5923 | Time: 979.83s
2026-03-24 17:14:06,718 - [Rank 0] - INFO - Epoch [3/6] | Batch [1350/4250] | Loss: 1.5924 | Time: 1017.03s
2026-03-24 17:14:44,212 - [Rank 0] - INFO - Epoch [3/6] | Batch [1400/4250] | Loss: 1.5918 | Time: 1054.52s
2026-03-24 17:15:22,819 - [Rank 0] - INFO - Epoch [3/6] | Batch [1450/4250] | Loss: 1.5920 | Time: 1093.13s
2026-03-24 17:16:00,242 - [Rank 0] - INFO - Epoch [3/6] | Batch [1500/4250] | Loss: 1.5924 | Time: 1130.55s
2026-03-24 17:16:36,161 - [Rank 0] - INFO - Epoch [3/6] | Batch [1550/4250] | Loss: 1.5917 | Time: 1166.47s
2026-03-24 17:17:13,080 - [Rank 0] - INFO - Epoch [3/6] | Batch [1600/4250] | Loss: 1.5912 | Time: 1203.39s
2026-03-24 17:17:50,301 - [Rank 0] - INFO - Epoch [3/6] | Batch [1650/4250] | Loss: 1.5908 | Time: 1240.61s
2026-03-24 17:18:27,366 - [Rank 0] - INFO - Epoch [3/6] | Batch [1700/4250] | Loss: 1.5901 | Time: 1277.68s
2026-03-24 17:19:04,102 - [Rank 0] - INFO - Epoch [3/6] | Batch [1750/4250] | Loss: 1.5894 | Time: 1314.41s
2026-03-24 17:19:42,553 - [Rank 0] - INFO - Epoch [3/6] | Batch [1800/4250] | Loss: 1.5896 | Time: 1352.86s
2026-03-24 17:20:21,432 - [Rank 0] - INFO - Epoch [3/6] | Batch [1850/4250] | Loss: 1.5896 | Time: 1391.74s
2026-03-24 17:20:58,506 - [Rank 0] - INFO - Epoch [3/6] | Batch [1900/4250] | Loss: 1.5896 | Time: 1428.82s
2026-03-24 17:21:35,089 - [Rank 0] - INFO - Epoch [3/6] | Batch [1950/4250] | Loss: 1.5893 | Time: 1465.40s
2026-03-24 17:22:11,516 - [Rank 0] - INFO - Epoch [3/6] | Batch [2000/4250] | Loss: 1.5889 | Time: 1501.83s
2026-03-24 17:22:48,365 - [Rank 0] - INFO - Epoch [3/6] | Batch [2050/4250] | Loss: 1.5886 | Time: 1538.68s
2026-03-24 17:23:25,794 - [Rank 0] - INFO - Epoch [3/6] | Batch [2100/4250] | Loss: 1.5879 | Time: 1576.10s
2026-03-24 17:24:02,737 - [Rank 0] - INFO - Epoch [3/6] | Batch [2150/4250] | Loss: 1.5876 | Time: 1613.05s
2026-03-24 17:24:38,892 - [Rank 0] - INFO - Epoch [3/6] | Batch [2200/4250] | Loss: 1.5874 | Time: 1649.20s
2026-03-24 17:25:14,710 - [Rank 0] - INFO - Epoch [3/6] | Batch [2250/4250] | Loss: 1.5871 | Time: 1685.02s
2026-03-24 17:25:50,536 - [Rank 0] - INFO - Epoch [3/6] | Batch [2300/4250] | Loss: 1.5863 | Time: 1720.85s
2026-03-24 17:26:26,562 - [Rank 0] - INFO - Epoch [3/6] | Batch [2350/4250] | Loss: 1.5857 | Time: 1756.87s
2026-03-24 17:27:03,873 - [Rank 0] - INFO - Epoch [3/6] | Batch [2400/4250] | Loss: 1.5855 | Time: 1794.18s
2026-03-24 17:27:40,975 - [Rank 0] - INFO - Epoch [3/6] | Batch [2450/4250] | Loss: 1.5856 | Time: 1831.29s
2026-03-24 17:28:17,157 - [Rank 0] - INFO - Epoch [3/6] | Batch [2500/4250] | Loss: 1.5854 | Time: 1867.47s
2026-03-24 17:28:53,916 - [Rank 0] - INFO - Epoch [3/6] | Batch [2550/4250] | Loss: 1.5852 | Time: 1904.23s
2026-03-24 17:29:32,323 - [Rank 0] - INFO - Epoch [3/6] | Batch [2600/4250] | Loss: 1.5844 | Time: 1942.63s
2026-03-24 17:30:13,087 - [Rank 0] - INFO - Epoch [3/6] | Batch [2650/4250] | Loss: 1.5843 | Time: 1983.40s
2026-03-24 17:30:51,570 - [Rank 0] - INFO - Epoch [3/6] | Batch [2700/4250] | Loss: 1.5840 | Time: 2021.88s
2026-03-24 17:31:30,210 - [Rank 0] - INFO - Epoch [3/6] | Batch [2750/4250] | Loss: 1.5839 | Time: 2060.52s
2026-03-24 17:32:06,534 - [Rank 0] - INFO - Epoch [3/6] | Batch [2800/4250] | Loss: 1.5842 | Time: 2096.84s
2026-03-24 17:32:43,140 - [Rank 0] - INFO - Epoch [3/6] | Batch [2850/4250] | Loss: 1.5842 | Time: 2133.45s
2026-03-24 17:33:21,297 - [Rank 0] - INFO - Epoch [3/6] | Batch [2900/4250] | Loss: 1.5837 | Time: 2171.61s
2026-03-24 17:33:57,440 - [Rank 0] - INFO - Epoch [3/6] | Batch [2950/4250] | Loss: 1.5836 | Time: 2207.75s
2026-03-24 17:34:33,259 - [Rank 0] - INFO - Epoch [3/6] | Batch [3000/4250] | Loss: 1.5834 | Time: 2243.57s
2026-03-24 17:35:12,591 - [Rank 0] - INFO - Epoch [3/6] | Batch [3050/4250] | Loss: 1.5831 | Time: 2282.90s
2026-03-24 17:35:51,923 - [Rank 0] - INFO - Epoch [3/6] | Batch [3100/4250] | Loss: 1.5826 | Time: 2322.23s
2026-03-24 17:36:28,982 - [Rank 0] - INFO - Epoch [3/6] | Batch [3150/4250] | Loss: 1.5826 | Time: 2359.29s
2026-03-24 17:37:05,833 - [Rank 0] - INFO - Epoch [3/6] | Batch [3200/4250] | Loss: 1.5822 | Time: 2396.14s
2026-03-24 17:37:41,429 - [Rank 0] - INFO - Epoch [3/6] | Batch [3250/4250] | Loss: 1.5822 | Time: 2431.74s
2026-03-24 17:38:18,106 - [Rank 0] - INFO - Epoch [3/6] | Batch [3300/4250] | Loss: 1.5819 | Time: 2468.42s
2026-03-24 17:38:56,032 - [Rank 0] - INFO - Epoch [3/6] | Batch [3350/4250] | Loss: 1.5816 | Time: 2506.34s
2026-03-24 17:39:32,965 - [Rank 0] - INFO - Epoch [3/6] | Batch [3400/4250] | Loss: 1.5816 | Time: 2543.28s
2026-03-24 17:40:09,415 - [Rank 0] - INFO - Epoch [3/6] | Batch [3450/4250] | Loss: 1.5811 | Time: 2579.73s
2026-03-24 17:40:45,457 - [Rank 0] - INFO - Epoch [3/6] | Batch [3500/4250] | Loss: 1.5809 | Time: 2615.77s
2026-03-24 17:41:21,424 - [Rank 0] - INFO - Epoch [3/6] | Batch [3550/4250] | Loss: 1.5805 | Time: 2651.74s
2026-03-24 17:41:58,624 - [Rank 0] - INFO - Epoch [3/6] | Batch [3600/4250] | Loss: 1.5801 | Time: 2688.94s
2026-03-24 17:42:35,021 - [Rank 0] - INFO - Epoch [3/6] | Batch [3650/4250] | Loss: 1.5798 | Time: 2725.33s
2026-03-24 17:43:11,594 - [Rank 0] - INFO - Epoch [3/6] | Batch [3700/4250] | Loss: 1.5794 | Time: 2761.91s
2026-03-24 17:43:46,979 - [Rank 0] - INFO - Epoch [3/6] | Batch [3750/4250] | Loss: 1.5791 | Time: 2797.29s
2026-03-24 17:44:23,623 - [Rank 0] - INFO - Epoch [3/6] | Batch [3800/4250] | Loss: 1.5789 | Time: 2833.93s
2026-03-24 17:44:59,968 - [Rank 0] - INFO - Epoch [3/6] | Batch [3850/4250] | Loss: 1.5788 | Time: 2870.28s
2026-03-24 17:45:36,858 - [Rank 0] - INFO - Epoch [3/6] | Batch [3900/4250] | Loss: 1.5787 | Time: 2907.17s
2026-03-24 17:46:14,012 - [Rank 0] - INFO - Epoch [3/6] | Batch [3950/4250] | Loss: 1.5784 | Time: 2944.32s
2026-03-24 17:46:51,363 - [Rank 0] - INFO - Epoch [3/6] | Batch [4000/4250] | Loss: 1.5782 | Time: 2981.67s
2026-03-24 17:47:26,981 - [Rank 0] - INFO - Epoch [3/6] | Batch [4050/4250] | Loss: 1.5782 | Time: 3017.29s
2026-03-24 17:48:02,440 - [Rank 0] - INFO - Epoch [3/6] | Batch [4100/4250] | Loss: 1.5780 | Time: 3052.75s
2026-03-24 17:48:38,166 - [Rank 0] - INFO - Epoch [3/6] | Batch [4150/4250] | Loss: 1.5778 | Time: 3088.48s
2026-03-24 17:49:14,544 - [Rank 0] - INFO - Epoch [3/6] | Batch [4200/4250] | Loss: 1.5777 | Time: 3124.86s
2026-03-24 17:49:50,163 - [Rank 0] - INFO - Epoch [3/6] | Batch [4250/4250] | Loss: 1.5776 | Time: 3160.47s
2026-03-24 17:49:50,376 - [Rank 0] - INFO - Train Loss: 1.5776 | Time: 3160.48s
2026-03-24 17:57:53,139 - [Rank 0] - INFO - Validation | Epoch [3/6] | Val Loss: 1.5810 | Batches: 284 (len(dataloader)=284) | Time: 482.76s
2026-03-24 17:58:00,007 - [Rank 0] - INFO - Checkpoint saved to ./checkpoints/v6/best_model.pth
2026-03-24 17:58:00,008 - [Rank 0] - INFO - ✓ New best model saved! (val_loss: 1.5810)
2026-03-24 17:58:02,385 - [Rank 0] - INFO - Checkpoint saved to ./checkpoints/v6/checkpoint_epoch_3.pth
2026-03-24 17:58:02,386 - [Rank 0] - INFO - 
Epoch [4/6]
2026-03-24 17:58:02,386 - [Rank 0] - INFO - ------------------------------------------------------------
2026-03-24 17:58:47,987 - [Rank 0] - INFO - Epoch [4/6] | Batch [50/4250] | Loss: 1.5506 | Time: 45.60s
2026-03-24 17:59:25,221 - [Rank 0] - INFO - Epoch [4/6] | Batch [100/4250] | Loss: 1.5560 | Time: 82.83s
2026-03-24 18:00:02,777 - [Rank 0] - INFO - Epoch [4/6] | Batch [150/4250] | Loss: 1.5588 | Time: 120.39s
2026-03-24 18:00:42,041 - [Rank 0] - INFO - Epoch [4/6] | Batch [200/4250] | Loss: 1.5557 | Time: 159.65s
2026-03-24 18:01:21,918 - [Rank 0] - INFO - Epoch [4/6] | Batch [250/4250] | Loss: 1.5574 | Time: 199.53s
2026-03-24 18:02:00,449 - [Rank 0] - INFO - Epoch [4/6] | Batch [300/4250] | Loss: 1.5577 | Time: 238.06s
2026-03-24 18:02:37,819 - [Rank 0] - INFO - Epoch [4/6] | Batch [350/4250] | Loss: 1.5537 | Time: 275.43s
2026-03-24 18:03:15,063 - [Rank 0] - INFO - Epoch [4/6] | Batch [400/4250] | Loss: 1.5534 | Time: 312.67s
2026-03-24 18:03:51,117 - [Rank 0] - INFO - Epoch [4/6] | Batch [450/4250] | Loss: 1.5525 | Time: 348.73s
2026-03-24 18:04:27,872 - [Rank 0] - INFO - Epoch [4/6] | Batch [500/4250] | Loss: 1.5514 | Time: 385.48s
2026-03-24 18:05:04,541 - [Rank 0] - INFO - Epoch [4/6] | Batch [550/4250] | Loss: 1.5510 | Time: 422.15s
2026-03-24 18:05:41,222 - [Rank 0] - INFO - Epoch [4/6] | Batch [600/4250] | Loss: 1.5530 | Time: 458.83s
2026-03-24 18:06:17,429 - [Rank 0] - INFO - Epoch [4/6] | Batch [650/4250] | Loss: 1.5538 | Time: 495.04s
2026-03-24 18:06:53,909 - [Rank 0] - INFO - Epoch [4/6] | Batch [700/4250] | Loss: 1.5544 | Time: 531.52s
2026-03-24 18:07:30,837 - [Rank 0] - INFO - Epoch [4/6] | Batch [750/4250] | Loss: 1.5547 | Time: 568.45s
2026-03-24 18:08:07,642 - [Rank 0] - INFO - Epoch [4/6] | Batch [800/4250] | Loss: 1.5544 | Time: 605.25s
2026-03-24 18:08:43,741 - [Rank 0] - INFO - Epoch [4/6] | Batch [850/4250] | Loss: 1.5540 | Time: 641.35s
2026-03-24 18:09:20,298 - [Rank 0] - INFO - Epoch [4/6] | Batch [900/4250] | Loss: 1.5544 | Time: 677.91s
2026-03-24 18:09:56,625 - [Rank 0] - INFO - Epoch [4/6] | Batch [950/4250] | Loss: 1.5549 | Time: 714.24s
2026-03-24 18:10:33,961 - [Rank 0] - INFO - Epoch [4/6] | Batch [1000/4250] | Loss: 1.5553 | Time: 751.57s
2026-03-24 18:11:10,658 - [Rank 0] - INFO - Epoch [4/6] | Batch [1050/4250] | Loss: 1.5552 | Time: 788.27s
2026-03-24 18:11:47,035 - [Rank 0] - INFO - Epoch [4/6] | Batch [1100/4250] | Loss: 1.5546 | Time: 824.65s
2026-03-24 18:12:23,117 - [Rank 0] - INFO - Epoch [4/6] | Batch [1150/4250] | Loss: 1.5547 | Time: 860.73s
2026-03-24 18:12:59,000 - [Rank 0] - INFO - Epoch [4/6] | Batch [1200/4250] | Loss: 1.5545 | Time: 896.61s
2026-03-24 18:13:35,410 - [Rank 0] - INFO - Epoch [4/6] | Batch [1250/4250] | Loss: 1.5545 | Time: 933.02s
2026-03-24 18:14:11,866 - [Rank 0] - INFO - Epoch [4/6] | Batch [1300/4250] | Loss: 1.5538 | Time: 969.48s
2026-03-24 18:14:48,123 - [Rank 0] - INFO - Epoch [4/6] | Batch [1350/4250] | Loss: 1.5539 | Time: 1005.74s
2026-03-24 18:15:24,044 - [Rank 0] - INFO - Epoch [4/6] | Batch [1400/4250] | Loss: 1.5540 | Time: 1041.66s
2026-03-24 18:16:01,233 - [Rank 0] - INFO - Epoch [4/6] | Batch [1450/4250] | Loss: 1.5540 | Time: 1078.85s
2026-03-24 18:16:37,846 - [Rank 0] - INFO - Epoch [4/6] | Batch [1500/4250] | Loss: 1.5541 | Time: 1115.46s
2026-03-24 18:17:14,835 - [Rank 0] - INFO - Epoch [4/6] | Batch [1550/4250] | Loss: 1.5540 | Time: 1152.45s
2026-03-24 18:17:53,432 - [Rank 0] - INFO - Epoch [4/6] | Batch [1600/4250] | Loss: 1.5539 | Time: 1191.04s
2026-03-24 18:18:31,730 - [Rank 0] - INFO - Epoch [4/6] | Batch [1650/4250] | Loss: 1.5544 | Time: 1229.34s
2026-03-24 18:19:08,794 - [Rank 0] - INFO - Epoch [4/6] | Batch [1700/4250] | Loss: 1.5541 | Time: 1266.41s
2026-03-24 18:19:45,337 - [Rank 0] - INFO - Epoch [4/6] | Batch [1750/4250] | Loss: 1.5540 | Time: 1302.95s
2026-03-24 18:20:21,650 - [Rank 0] - INFO - Epoch [4/6] | Batch [1800/4250] | Loss: 1.5537 | Time: 1339.26s
2026-03-24 18:20:58,786 - [Rank 0] - INFO - Epoch [4/6] | Batch [1850/4250] | Loss: 1.5529 | Time: 1376.40s
2026-03-24 18:21:35,769 - [Rank 0] - INFO - Epoch [4/6] | Batch [1900/4250] | Loss: 1.5527 | Time: 1413.38s
2026-03-24 18:22:11,725 - [Rank 0] - INFO - Epoch [4/6] | Batch [1950/4250] | Loss: 1.5524 | Time: 1449.34s
2026-03-24 18:22:46,641 - [Rank 0] - INFO - Epoch [4/6] | Batch [2000/4250] | Loss: 1.5522 | Time: 1484.25s
2026-03-24 18:23:23,773 - [Rank 0] - INFO - Epoch [4/6] | Batch [2050/4250] | Loss: 1.5520 | Time: 1521.39s
2026-03-24 18:24:01,457 - [Rank 0] - INFO - Epoch [4/6] | Batch [2100/4250] | Loss: 1.5518 | Time: 1559.07s
2026-03-24 18:24:39,685 - [Rank 0] - INFO - Epoch [4/6] | Batch [2150/4250] | Loss: 1.5521 | Time: 1597.30s
2026-03-24 18:25:17,218 - [Rank 0] - INFO - Epoch [4/6] | Batch [2200/4250] | Loss: 1.5524 | Time: 1634.83s
2026-03-24 18:25:54,209 - [Rank 0] - INFO - Epoch [4/6] | Batch [2250/4250] | Loss: 1.5523 | Time: 1671.82s
2026-03-24 18:26:30,888 - [Rank 0] - INFO - Epoch [4/6] | Batch [2300/4250] | Loss: 1.5519 | Time: 1708.50s
2026-03-24 18:27:10,238 - [Rank 0] - INFO - Epoch [4/6] | Batch [2350/4250] | Loss: 1.5518 | Time: 1747.85s
2026-03-24 18:27:48,872 - [Rank 0] - INFO - Epoch [4/6] | Batch [2400/4250] | Loss: 1.5513 | Time: 1786.48s
2026-03-24 18:28:26,847 - [Rank 0] - INFO - Epoch [4/6] | Batch [2450/4250] | Loss: 1.5516 | Time: 1824.46s
2026-03-24 18:29:04,578 - [Rank 0] - INFO - Epoch [4/6] | Batch [2500/4250] | Loss: 1.5515 | Time: 1862.19s
2026-03-24 18:29:41,658 - [Rank 0] - INFO - Epoch [4/6] | Batch [2550/4250] | Loss: 1.5511 | Time: 1899.27s
2026-03-24 18:30:16,984 - [Rank 0] - INFO - Epoch [4/6] | Batch [2600/4250] | Loss: 1.5509 | Time: 1934.60s
2026-03-24 18:30:53,005 - [Rank 0] - INFO - Epoch [4/6] | Batch [2650/4250] | Loss: 1.5505 | Time: 1970.62s
2026-03-24 18:31:29,431 - [Rank 0] - INFO - Epoch [4/6] | Batch [2700/4250] | Loss: 1.5499 | Time: 2007.04s
2026-03-24 18:32:05,992 - [Rank 0] - INFO - Epoch [4/6] | Batch [2750/4250] | Loss: 1.5496 | Time: 2043.60s
2026-03-24 18:32:45,387 - [Rank 0] - INFO - Epoch [4/6] | Batch [2800/4250] | Loss: 1.5491 | Time: 2083.00s
2026-03-24 18:33:24,642 - [Rank 0] - INFO - Epoch [4/6] | Batch [2850/4250] | Loss: 1.5488 | Time: 2122.25s
2026-03-24 18:34:01,721 - [Rank 0] - INFO - Epoch [4/6] | Batch [2900/4250] | Loss: 1.5487 | Time: 2159.33s
2026-03-24 18:34:37,766 - [Rank 0] - INFO - Epoch [4/6] | Batch [2950/4250] | Loss: 1.5483 | Time: 2195.38s
2026-03-24 18:35:14,953 - [Rank 0] - INFO - Epoch [4/6] | Batch [3000/4250] | Loss: 1.5480 | Time: 2232.57s
2026-03-24 18:35:52,062 - [Rank 0] - INFO - Epoch [4/6] | Batch [3050/4250] | Loss: 1.5484 | Time: 2269.67s
2026-03-24 18:36:29,332 - [Rank 0] - INFO - Epoch [4/6] | Batch [3100/4250] | Loss: 1.5486 | Time: 2306.94s
2026-03-24 18:37:05,543 - [Rank 0] - INFO - Epoch [4/6] | Batch [3150/4250] | Loss: 1.5483 | Time: 2343.16s
2026-03-24 18:37:41,448 - [Rank 0] - INFO - Epoch [4/6] | Batch [3200/4250] | Loss: 1.5481 | Time: 2379.06s
2026-03-24 18:38:17,191 - [Rank 0] - INFO - Epoch [4/6] | Batch [3250/4250] | Loss: 1.5481 | Time: 2414.80s
2026-03-24 18:38:52,652 - [Rank 0] - INFO - Epoch [4/6] | Batch [3300/4250] | Loss: 1.5476 | Time: 2450.26s
2026-03-24 18:39:28,502 - [Rank 0] - INFO - Epoch [4/6] | Batch [3350/4250] | Loss: 1.5475 | Time: 2486.11s
2026-03-24 18:40:05,866 - [Rank 0] - INFO - Epoch [4/6] | Batch [3400/4250] | Loss: 1.5476 | Time: 2523.48s
2026-03-24 18:40:41,804 - [Rank 0] - INFO - Epoch [4/6] | Batch [3450/4250] | Loss: 1.5474 | Time: 2559.42s
2026-03-24 18:41:18,229 - [Rank 0] - INFO - Epoch [4/6] | Batch [3500/4250] | Loss: 1.5473 | Time: 2595.84s
2026-03-24 18:41:53,301 - [Rank 0] - INFO - Epoch [4/6] | Batch [3550/4250] | Loss: 1.5472 | Time: 2630.91s
2026-03-24 18:42:30,086 - [Rank 0] - INFO - Epoch [4/6] | Batch [3600/4250] | Loss: 1.5473 | Time: 2667.70s
2026-03-24 18:43:06,683 - [Rank 0] - INFO - Epoch [4/6] | Batch [3650/4250] | Loss: 1.5473 | Time: 2704.30s
2026-03-24 18:43:43,567 - [Rank 0] - INFO - Epoch [4/6] | Batch [3700/4250] | Loss: 1.5472 | Time: 2741.18s
2026-03-24 18:44:21,018 - [Rank 0] - INFO - Epoch [4/6] | Batch [3750/4250] | Loss: 1.5468 | Time: 2778.63s
2026-03-24 18:44:58,417 - [Rank 0] - INFO - Epoch [4/6] | Batch [3800/4250] | Loss: 1.5466 | Time: 2816.03s
2026-03-24 18:45:35,237 - [Rank 0] - INFO - Epoch [4/6] | Batch [3850/4250] | Loss: 1.5466 | Time: 2852.85s
2026-03-24 18:46:12,122 - [Rank 0] - INFO - Epoch [4/6] | Batch [3900/4250] | Loss: 1.5465 | Time: 2889.73s
2026-03-24 18:46:50,278 - [Rank 0] - INFO - Epoch [4/6] | Batch [3950/4250] | Loss: 1.5463 | Time: 2927.89s
2026-03-24 18:47:26,529 - [Rank 0] - INFO - Epoch [4/6] | Batch [4000/4250] | Loss: 1.5460 | Time: 2964.14s
2026-03-24 18:48:02,732 - [Rank 0] - INFO - Epoch [4/6] | Batch [4050/4250] | Loss: 1.5461 | Time: 3000.34s
2026-03-24 18:48:39,714 - [Rank 0] - INFO - Epoch [4/6] | Batch [4100/4250] | Loss: 1.5460 | Time: 3037.33s
2026-03-24 18:49:17,378 - [Rank 0] - INFO - Epoch [4/6] | Batch [4150/4250] | Loss: 1.5461 | Time: 3074.99s
2026-03-24 18:49:57,311 - [Rank 0] - INFO - Epoch [4/6] | Batch [4200/4250] | Loss: 1.5457 | Time: 3114.92s
2026-03-24 18:50:36,491 - [Rank 0] - INFO - Epoch [4/6] | Batch [4250/4250] | Loss: 1.5459 | Time: 3154.10s
2026-03-24 18:50:36,676 - [Rank 0] - INFO - Train Loss: 1.5459 | Time: 3154.10s
2026-03-24 18:58:21,301 - [Rank 0] - INFO - Validation | Epoch [4/6] | Val Loss: 1.5657 | Batches: 284 (len(dataloader)=284) | Time: 464.62s
2026-03-24 18:58:28,054 - [Rank 0] - INFO - Checkpoint saved to ./checkpoints/v6/best_model.pth
2026-03-24 18:58:28,055 - [Rank 0] - INFO - ✓ New best model saved! (val_loss: 1.5657)
2026-03-24 18:58:30,524 - [Rank 0] - INFO - Checkpoint saved to ./checkpoints/v6/checkpoint_epoch_4.pth
2026-03-24 18:58:30,525 - [Rank 0] - INFO - 
Epoch [5/6]
2026-03-24 18:58:30,525 - [Rank 0] - INFO - ------------------------------------------------------------
2026-03-24 18:59:11,233 - [Rank 0] - INFO - Epoch [5/6] | Batch [50/4250] | Loss: 1.5251 | Time: 40.71s
2026-03-24 18:59:47,179 - [Rank 0] - INFO - Epoch [5/6] | Batch [100/4250] | Loss: 1.5419 | Time: 76.65s
2026-03-24 19:00:24,606 - [Rank 0] - INFO - Epoch [5/6] | Batch [150/4250] | Loss: 1.5427 | Time: 114.08s
2026-03-24 19:01:01,800 - [Rank 0] - INFO - Epoch [5/6] | Batch [200/4250] | Loss: 1.5409 | Time: 151.27s
2026-03-24 19:01:38,550 - [Rank 0] - INFO - Epoch [5/6] | Batch [250/4250] | Loss: 1.5373 | Time: 188.02s
2026-03-24 19:02:14,416 - [Rank 0] - INFO - Epoch [5/6] | Batch [300/4250] | Loss: 1.5360 | Time: 223.89s
2026-03-24 19:02:50,578 - [Rank 0] - INFO - Epoch [5/6] | Batch [350/4250] | Loss: 1.5372 | Time: 260.05s
2026-03-24 19:03:27,325 - [Rank 0] - INFO - Epoch [5/6] | Batch [400/4250] | Loss: 1.5354 | Time: 296.80s
2026-03-24 19:04:03,954 - [Rank 0] - INFO - Epoch [5/6] | Batch [450/4250] | Loss: 1.5349 | Time: 333.43s
2026-03-24 19:04:40,224 - [Rank 0] - INFO - Epoch [5/6] | Batch [500/4250] | Loss: 1.5333 | Time: 369.70s
2026-03-24 19:05:16,063 - [Rank 0] - INFO - Epoch [5/6] | Batch [550/4250] | Loss: 1.5325 | Time: 405.54s
2026-03-24 19:05:51,744 - [Rank 0] - INFO - Epoch [5/6] | Batch [600/4250] | Loss: 1.5327 | Time: 441.22s
2026-03-24 19:06:28,363 - [Rank 0] - INFO - Epoch [5/6] | Batch [650/4250] | Loss: 1.5313 | Time: 477.84s
2026-03-24 19:07:04,872 - [Rank 0] - INFO - Epoch [5/6] | Batch [700/4250] | Loss: 1.5313 | Time: 514.35s
2026-03-24 19:07:39,858 - [Rank 0] - INFO - Epoch [5/6] | Batch [750/4250] | Loss: 1.5311 | Time: 549.33s
2026-03-24 19:08:14,769 - [Rank 0] - INFO - Epoch [5/6] | Batch [800/4250] | Loss: 1.5308 | Time: 584.24s
2026-03-24 19:08:50,156 - [Rank 0] - INFO - Epoch [5/6] | Batch [850/4250] | Loss: 1.5303 | Time: 619.63s
2026-03-24 19:09:25,981 - [Rank 0] - INFO - Epoch [5/6] | Batch [900/4250] | Loss: 1.5313 | Time: 655.45s
2026-03-24 19:10:02,336 - [Rank 0] - INFO - Epoch [5/6] | Batch [950/4250] | Loss: 1.5315 | Time: 691.81s
2026-03-24 19:10:38,174 - [Rank 0] - INFO - Epoch [5/6] | Batch [1000/4250] | Loss: 1.5311 | Time: 727.65s
2026-03-24 19:11:13,366 - [Rank 0] - INFO - Epoch [5/6] | Batch [1050/4250] | Loss: 1.5310 | Time: 762.84s
2026-03-24 19:11:49,178 - [Rank 0] - INFO - Epoch [5/6] | Batch [1100/4250] | Loss: 1.5315 | Time: 798.65s
2026-03-24 19:12:25,880 - [Rank 0] - INFO - Epoch [5/6] | Batch [1150/4250] | Loss: 1.5319 | Time: 835.35s
2026-03-24 19:13:02,335 - [Rank 0] - INFO - Epoch [5/6] | Batch [1200/4250] | Loss: 1.5315 | Time: 871.81s
2026-03-24 19:13:38,764 - [Rank 0] - INFO - Epoch [5/6] | Batch [1250/4250] | Loss: 1.5321 | Time: 908.24s
2026-03-24 19:14:14,731 - [Rank 0] - INFO - Epoch [5/6] | Batch [1300/4250] | Loss: 1.5319 | Time: 944.20s
2026-03-24 19:14:50,075 - [Rank 0] - INFO - Epoch [5/6] | Batch [1350/4250] | Loss: 1.5323 | Time: 979.55s
2026-03-24 19:15:25,323 - [Rank 0] - INFO - Epoch [5/6] | Batch [1400/4250] | Loss: 1.5320 | Time: 1014.80s
2026-03-24 19:16:02,540 - [Rank 0] - INFO - Epoch [5/6] | Batch [1450/4250] | Loss: 1.5316 | Time: 1052.01s
2026-03-24 19:16:39,175 - [Rank 0] - INFO - Epoch [5/6] | Batch [1500/4250] | Loss: 1.5317 | Time: 1088.65s
2026-03-24 19:17:15,572 - [Rank 0] - INFO - Epoch [5/6] | Batch [1550/4250] | Loss: 1.5320 | Time: 1125.04s
2026-03-24 19:17:50,604 - [Rank 0] - INFO - Epoch [5/6] | Batch [1600/4250] | Loss: 1.5320 | Time: 1160.08s
2026-03-24 19:18:25,449 - [Rank 0] - INFO - Epoch [5/6] | Batch [1650/4250] | Loss: 1.5323 | Time: 1194.92s
2026-03-24 19:19:01,132 - [Rank 0] - INFO - Epoch [5/6] | Batch [1700/4250] | Loss: 1.5320 | Time: 1230.60s
2026-03-24 19:19:36,697 - [Rank 0] - INFO - Epoch [5/6] | Batch [1750/4250] | Loss: 1.5318 | Time: 1266.17s
2026-03-24 19:20:12,914 - [Rank 0] - INFO - Epoch [5/6] | Batch [1800/4250] | Loss: 1.5316 | Time: 1302.39s
2026-03-24 19:20:48,268 - [Rank 0] - INFO - Epoch [5/6] | Batch [1850/4250] | Loss: 1.5320 | Time: 1337.74s
2026-03-24 19:21:23,639 - [Rank 0] - INFO - Epoch [5/6] | Batch [1900/4250] | Loss: 1.5319 | Time: 1373.11s
2026-03-24 19:21:59,293 - [Rank 0] - INFO - Epoch [5/6] | Batch [1950/4250] | Loss: 1.5318 | Time: 1408.77s
2026-03-24 19:22:34,756 - [Rank 0] - INFO - Epoch [5/6] | Batch [2000/4250] | Loss: 1.5315 | Time: 1444.23s
2026-03-24 19:23:10,757 - [Rank 0] - INFO - Epoch [5/6] | Batch [2050/4250] | Loss: 1.5313 | Time: 1480.23s
2026-03-24 19:23:46,281 - [Rank 0] - INFO - Epoch [5/6] | Batch [2100/4250] | Loss: 1.5309 | Time: 1515.75s
2026-03-24 19:24:23,147 - [Rank 0] - INFO - Epoch [5/6] | Batch [2150/4250] | Loss: 1.5304 | Time: 1552.62s
2026-03-24 19:24:59,664 - [Rank 0] - INFO - Epoch [5/6] | Batch [2200/4250] | Loss: 1.5303 | Time: 1589.14s
2026-03-24 19:25:35,890 - [Rank 0] - INFO - Epoch [5/6] | Batch [2250/4250] | Loss: 1.5298 | Time: 1625.36s
2026-03-24 19:26:11,498 - [Rank 0] - INFO - Epoch [5/6] | Batch [2300/4250] | Loss: 1.5295 | Time: 1660.97s
2026-03-24 19:26:46,451 - [Rank 0] - INFO - Epoch [5/6] | Batch [2350/4250] | Loss: 1.5294 | Time: 1695.92s
2026-03-24 19:27:23,367 - [Rank 0] - INFO - Epoch [5/6] | Batch [2400/4250] | Loss: 1.5299 | Time: 1732.84s
2026-03-24 19:27:59,973 - [Rank 0] - INFO - Epoch [5/6] | Batch [2450/4250] | Loss: 1.5296 | Time: 1769.45s
2026-03-24 19:28:36,427 - [Rank 0] - INFO - Epoch [5/6] | Batch [2500/4250] | Loss: 1.5297 | Time: 1805.90s
2026-03-24 19:29:12,634 - [Rank 0] - INFO - Epoch [5/6] | Batch [2550/4250] | Loss: 1.5298 | Time: 1842.11s
2026-03-24 19:29:48,997 - [Rank 0] - INFO - Epoch [5/6] | Batch [2600/4250] | Loss: 1.5296 | Time: 1878.47s
2026-03-24 19:30:25,566 - [Rank 0] - INFO - Epoch [5/6] | Batch [2650/4250] | Loss: 1.5291 | Time: 1915.04s
2026-03-24 19:31:01,287 - [Rank 0] - INFO - Epoch [5/6] | Batch [2700/4250] | Loss: 1.5291 | Time: 1950.76s
2026-03-24 19:31:37,876 - [Rank 0] - INFO - Epoch [5/6] | Batch [2750/4250] | Loss: 1.5291 | Time: 1987.35s
2026-03-24 19:32:14,287 - [Rank 0] - INFO - Epoch [5/6] | Batch [2800/4250] | Loss: 1.5288 | Time: 2023.76s
2026-03-24 19:32:51,586 - [Rank 0] - INFO - Epoch [5/6] | Batch [2850/4250] | Loss: 1.5285 | Time: 2061.06s
2026-03-24 19:33:27,642 - [Rank 0] - INFO - Epoch [5/6] | Batch [2900/4250] | Loss: 1.5286 | Time: 2097.12s
2026-03-24 19:34:04,609 - [Rank 0] - INFO - Epoch [5/6] | Batch [2950/4250] | Loss: 1.5285 | Time: 2134.08s
2026-03-24 19:34:41,180 - [Rank 0] - INFO - Epoch [5/6] | Batch [3000/4250] | Loss: 1.5282 | Time: 2170.65s
2026-03-24 19:35:17,394 - [Rank 0] - INFO - Epoch [5/6] | Batch [3050/4250] | Loss: 1.5279 | Time: 2206.87s
2026-03-24 19:35:54,215 - [Rank 0] - INFO - Epoch [5/6] | Batch [3100/4250] | Loss: 1.5277 | Time: 2243.69s
2026-03-24 19:36:31,561 - [Rank 0] - INFO - Epoch [5/6] | Batch [3150/4250] | Loss: 1.5275 | Time: 2281.03s
2026-03-24 19:37:08,186 - [Rank 0] - INFO - Epoch [5/6] | Batch [3200/4250] | Loss: 1.5274 | Time: 2317.66s
2026-03-24 19:37:44,428 - [Rank 0] - INFO - Epoch [5/6] | Batch [3250/4250] | Loss: 1.5273 | Time: 2353.90s
2026-03-24 19:38:20,935 - [Rank 0] - INFO - Epoch [5/6] | Batch [3300/4250] | Loss: 1.5277 | Time: 2390.41s
2026-03-24 19:38:56,826 - [Rank 0] - INFO - Epoch [5/6] | Batch [3350/4250] | Loss: 1.5279 | Time: 2426.30s
2026-03-24 19:39:33,150 - [Rank 0] - INFO - Epoch [5/6] | Batch [3400/4250] | Loss: 1.5280 | Time: 2462.62s
2026-03-24 19:40:09,502 - [Rank 0] - INFO - Epoch [5/6] | Batch [3450/4250] | Loss: 1.5280 | Time: 2498.97s
2026-03-24 19:40:44,779 - [Rank 0] - INFO - Epoch [5/6] | Batch [3500/4250] | Loss: 1.5277 | Time: 2534.25s
2026-03-24 19:41:20,774 - [Rank 0] - INFO - Epoch [5/6] | Batch [3550/4250] | Loss: 1.5276 | Time: 2570.25s
2026-03-24 19:41:56,936 - [Rank 0] - INFO - Epoch [5/6] | Batch [3600/4250] | Loss: 1.5276 | Time: 2606.41s
2026-03-24 19:42:33,100 - [Rank 0] - INFO - Epoch [5/6] | Batch [3650/4250] | Loss: 1.5276 | Time: 2642.57s
2026-03-24 19:43:08,648 - [Rank 0] - INFO - Epoch [5/6] | Batch [3700/4250] | Loss: 1.5275 | Time: 2678.12s
2026-03-24 19:43:44,662 - [Rank 0] - INFO - Epoch [5/6] | Batch [3750/4250] | Loss: 1.5275 | Time: 2714.14s
2026-03-24 19:44:21,054 - [Rank 0] - INFO - Epoch [5/6] | Batch [3800/4250] | Loss: 1.5275 | Time: 2750.53s
2026-03-24 19:44:57,790 - [Rank 0] - INFO - Epoch [5/6] | Batch [3850/4250] | Loss: 1.5275 | Time: 2787.26s
2026-03-24 19:45:32,984 - [Rank 0] - INFO - Epoch [5/6] | Batch [3900/4250] | Loss: 1.5276 | Time: 2822.46s
2026-03-24 19:46:09,905 - [Rank 0] - INFO - Epoch [5/6] | Batch [3950/4250] | Loss: 1.5273 | Time: 2859.38s
2026-03-24 19:46:46,158 - [Rank 0] - INFO - Epoch [5/6] | Batch [4000/4250] | Loss: 1.5273 | Time: 2895.63s
2026-03-24 19:47:23,288 - [Rank 0] - INFO - Epoch [5/6] | Batch [4050/4250] | Loss: 1.5270 | Time: 2932.76s
2026-03-24 19:47:59,800 - [Rank 0] - INFO - Epoch [5/6] | Batch [4100/4250] | Loss: 1.5270 | Time: 2969.27s
2026-03-24 19:48:35,376 - [Rank 0] - INFO - Epoch [5/6] | Batch [4150/4250] | Loss: 1.5273 | Time: 3004.85s
2026-03-24 19:49:11,150 - [Rank 0] - INFO - Epoch [5/6] | Batch [4200/4250] | Loss: 1.5271 | Time: 3040.62s
2026-03-24 19:49:49,530 - [Rank 0] - INFO - Epoch [5/6] | Batch [4250/4250] | Loss: 1.5272 | Time: 3079.00s
2026-03-24 19:49:49,745 - [Rank 0] - INFO - Train Loss: 1.5272 | Time: 3079.00s
2026-03-24 19:57:40,233 - [Rank 0] - INFO - Validation | Epoch [5/6] | Val Loss: 1.5618 | Batches: 284 (len(dataloader)=284) | Time: 470.49s
2026-03-24 19:57:46,923 - [Rank 0] - INFO - Checkpoint saved to ./checkpoints/v6/best_model.pth
2026-03-24 19:57:46,924 - [Rank 0] - INFO - ✓ New best model saved! (val_loss: 1.5618)
2026-03-24 19:57:49,355 - [Rank 0] - INFO - Checkpoint saved to ./checkpoints/v6/checkpoint_epoch_5.pth
2026-03-24 19:57:49,356 - [Rank 0] - INFO - 
Epoch [6/6]
2026-03-24 19:57:49,356 - [Rank 0] - INFO - ------------------------------------------------------------
2026-03-24 19:58:32,490 - [Rank 0] - INFO - Epoch [6/6] | Batch [50/4250] | Loss: 1.5120 | Time: 43.13s
2026-03-24 19:59:08,243 - [Rank 0] - INFO - Epoch [6/6] | Batch [100/4250] | Loss: 1.5113 | Time: 78.88s
2026-03-24 19:59:44,859 - [Rank 0] - INFO - Epoch [6/6] | Batch [150/4250] | Loss: 1.5157 | Time: 115.50s
2026-03-24 20:00:21,240 - [Rank 0] - INFO - Epoch [6/6] | Batch [200/4250] | Loss: 1.5191 | Time: 151.88s
2026-03-24 20:00:57,222 - [Rank 0] - INFO - Epoch [6/6] | Batch [250/4250] | Loss: 1.5168 | Time: 187.86s
2026-03-24 20:01:32,798 - [Rank 0] - INFO - Epoch [6/6] | Batch [300/4250] | Loss: 1.5190 | Time: 223.44s
2026-03-24 20:02:09,800 - [Rank 0] - INFO - Epoch [6/6] | Batch [350/4250] | Loss: 1.5207 | Time: 260.44s
2026-03-24 20:02:46,659 - [Rank 0] - INFO - Epoch [6/6] | Batch [400/4250] | Loss: 1.5221 | Time: 297.30s
2026-03-24 20:03:22,348 - [Rank 0] - INFO - Epoch [6/6] | Batch [450/4250] | Loss: 1.5226 | Time: 332.99s
2026-03-24 20:03:58,207 - [Rank 0] - INFO - Epoch [6/6] | Batch [500/4250] | Loss: 1.5229 | Time: 368.85s
2026-03-24 20:04:35,220 - [Rank 0] - INFO - Epoch [6/6] | Batch [550/4250] | Loss: 1.5238 | Time: 405.86s
2026-03-24 20:05:11,843 - [Rank 0] - INFO - Epoch [6/6] | Batch [600/4250] | Loss: 1.5227 | Time: 442.48s
2026-03-24 20:05:48,852 - [Rank 0] - INFO - Epoch [6/6] | Batch [650/4250] | Loss: 1.5217 | Time: 479.49s
2026-03-24 20:06:24,869 - [Rank 0] - INFO - Epoch [6/6] | Batch [700/4250] | Loss: 1.5243 | Time: 515.51s
2026-03-24 20:07:00,884 - [Rank 0] - INFO - Epoch [6/6] | Batch [750/4250] | Loss: 1.5236 | Time: 551.53s
2026-03-24 20:07:37,308 - [Rank 0] - INFO - Epoch [6/6] | Batch [800/4250] | Loss: 1.5232 | Time: 587.95s
2026-03-24 20:08:13,317 - [Rank 0] - INFO - Epoch [6/6] | Batch [850/4250] | Loss: 1.5227 | Time: 623.96s
2026-03-24 20:08:48,938 - [Rank 0] - INFO - Epoch [6/6] | Batch [900/4250] | Loss: 1.5230 | Time: 659.58s
2026-03-24 20:09:24,624 - [Rank 0] - INFO - Epoch [6/6] | Batch [950/4250] | Loss: 1.5211 | Time: 695.27s
2026-03-24 20:10:00,699 - [Rank 0] - INFO - Epoch [6/6] | Batch [1000/4250] | Loss: 1.5214 | Time: 731.34s
2026-03-24 20:10:36,640 - [Rank 0] - INFO - Epoch [6/6] | Batch [1050/4250] | Loss: 1.5213 | Time: 767.28s
2026-03-24 20:11:11,587 - [Rank 0] - INFO - Epoch [6/6] | Batch [1100/4250] | Loss: 1.5207 | Time: 802.23s
2026-03-24 20:11:47,753 - [Rank 0] - INFO - Epoch [6/6] | Batch [1150/4250] | Loss: 1.5200 | Time: 838.39s
2026-03-24 20:12:23,872 - [Rank 0] - INFO - Epoch [6/6] | Batch [1200/4250] | Loss: 1.5198 | Time: 874.51s
2026-03-24 20:12:59,171 - [Rank 0] - INFO - Epoch [6/6] | Batch [1250/4250] | Loss: 1.5195 | Time: 909.81s
2026-03-24 20:13:33,985 - [Rank 0] - INFO - Epoch [6/6] | Batch [1300/4250] | Loss: 1.5192 | Time: 944.63s
2026-03-24 20:14:09,439 - [Rank 0] - INFO - Epoch [6/6] | Batch [1350/4250] | Loss: 1.5194 | Time: 980.08s
2026-03-24 20:14:45,185 - [Rank 0] - INFO - Epoch [6/6] | Batch [1400/4250] | Loss: 1.5197 | Time: 1015.83s
2026-03-24 20:15:21,213 - [Rank 0] - INFO - Epoch [6/6] | Batch [1450/4250] | Loss: 1.5199 | Time: 1051.85s
2026-03-24 20:15:57,539 - [Rank 0] - INFO - Epoch [6/6] | Batch [1500/4250] | Loss: 1.5197 | Time: 1088.18s
2026-03-24 20:16:33,493 - [Rank 0] - INFO - Epoch [6/6] | Batch [1550/4250] | Loss: 1.5204 | Time: 1124.13s
2026-03-24 20:17:08,265 - [Rank 0] - INFO - Epoch [6/6] | Batch [1600/4250] | Loss: 1.5204 | Time: 1158.91s
2026-03-24 20:17:44,639 - [Rank 0] - INFO - Epoch [6/6] | Batch [1650/4250] | Loss: 1.5201 | Time: 1195.28s
2026-03-24 20:18:21,505 - [Rank 0] - INFO - Epoch [6/6] | Batch [1700/4250] | Loss: 1.5202 | Time: 1232.15s
2026-03-24 20:18:57,880 - [Rank 0] - INFO - Epoch [6/6] | Batch [1750/4250] | Loss: 1.5204 | Time: 1268.52s
2026-03-24 20:19:33,164 - [Rank 0] - INFO - Epoch [6/6] | Batch [1800/4250] | Loss: 1.5204 | Time: 1303.81s
2026-03-24 20:20:08,759 - [Rank 0] - INFO - Epoch [6/6] | Batch [1850/4250] | Loss: 1.5204 | Time: 1339.40s
2026-03-24 20:20:44,442 - [Rank 0] - INFO - Epoch [6/6] | Batch [1900/4250] | Loss: 1.5207 | Time: 1375.08s
2026-03-24 20:21:21,006 - [Rank 0] - INFO - Epoch [6/6] | Batch [1950/4250] | Loss: 1.5213 | Time: 1411.65s
2026-03-24 20:21:57,860 - [Rank 0] - INFO - Epoch [6/6] | Batch [2000/4250] | Loss: 1.5211 | Time: 1448.50s
2026-03-24 20:22:33,542 - [Rank 0] - INFO - Epoch [6/6] | Batch [2050/4250] | Loss: 1.5212 | Time: 1484.18s
2026-03-24 20:23:10,622 - [Rank 0] - INFO - Epoch [6/6] | Batch [2100/4250] | Loss: 1.5210 | Time: 1521.26s
2026-03-24 20:23:45,569 - [Rank 0] - INFO - Epoch [6/6] | Batch [2150/4250] | Loss: 1.5211 | Time: 1556.21s
2026-03-24 20:24:21,400 - [Rank 0] - INFO - Epoch [6/6] | Batch [2200/4250] | Loss: 1.5212 | Time: 1592.04s
2026-03-24 20:24:57,407 - [Rank 0] - INFO - Epoch [6/6] | Batch [2250/4250] | Loss: 1.5212 | Time: 1628.05s
2026-03-24 20:25:33,609 - [Rank 0] - INFO - Epoch [6/6] | Batch [2300/4250] | Loss: 1.5210 | Time: 1664.25s
2026-03-24 20:26:09,936 - [Rank 0] - INFO - Epoch [6/6] | Batch [2350/4250] | Loss: 1.5209 | Time: 1700.58s
2026-03-24 20:26:46,139 - [Rank 0] - INFO - Epoch [6/6] | Batch [2400/4250] | Loss: 1.5211 | Time: 1736.78s
2026-03-24 20:27:22,160 - [Rank 0] - INFO - Epoch [6/6] | Batch [2450/4250] | Loss: 1.5209 | Time: 1772.80s
2026-03-24 20:27:55,999 - [Rank 0] - INFO - Epoch [6/6] | Batch [2500/4250] | Loss: 1.5210 | Time: 1806.64s
2026-03-24 20:28:31,730 - [Rank 0] - INFO - Epoch [6/6] | Batch [2550/4250] | Loss: 1.5209 | Time: 1842.37s
2026-03-24 20:29:07,241 - [Rank 0] - INFO - Epoch [6/6] | Batch [2600/4250] | Loss: 1.5206 | Time: 1877.88s
2026-03-24 20:29:42,689 - [Rank 0] - INFO - Epoch [6/6] | Batch [2650/4250] | Loss: 1.5208 | Time: 1913.33s
2026-03-24 20:30:19,094 - [Rank 0] - INFO - Epoch [6/6] | Batch [2700/4250] | Loss: 1.5208 | Time: 1949.74s
2026-03-24 20:30:55,636 - [Rank 0] - INFO - Epoch [6/6] | Batch [2750/4250] | Loss: 1.5207 | Time: 1986.28s
2026-03-24 20:31:32,220 - [Rank 0] - INFO - Epoch [6/6] | Batch [2800/4250] | Loss: 1.5212 | Time: 2022.86s
2026-03-24 20:32:10,097 - [Rank 0] - INFO - Epoch [6/6] | Batch [2850/4250] | Loss: 1.5208 | Time: 2060.74s
2026-03-24 20:32:46,332 - [Rank 0] - INFO - Epoch [6/6] | Batch [2900/4250] | Loss: 1.5206 | Time: 2096.97s
2026-03-24 20:33:21,010 - [Rank 0] - INFO - Epoch [6/6] | Batch [2950/4250] | Loss: 1.5203 | Time: 2131.65s
2026-03-24 20:33:55,452 - [Rank 0] - INFO - Epoch [6/6] | Batch [3000/4250] | Loss: 1.5207 | Time: 2166.09s
2026-03-24 20:34:30,795 - [Rank 0] - INFO - Epoch [6/6] | Batch [3050/4250] | Loss: 1.5205 | Time: 2201.44s
2026-03-24 20:35:07,204 - [Rank 0] - INFO - Epoch [6/6] | Batch [3100/4250] | Loss: 1.5200 | Time: 2237.85s
2026-03-24 20:35:43,629 - [Rank 0] - INFO - Epoch [6/6] | Batch [3150/4250] | Loss: 1.5198 | Time: 2274.27s
2026-03-24 20:36:20,087 - [Rank 0] - INFO - Epoch [6/6] | Batch [3200/4250] | Loss: 1.5197 | Time: 2310.73s
2026-03-24 20:36:56,199 - [Rank 0] - INFO - Epoch [6/6] | Batch [3250/4250] | Loss: 1.5197 | Time: 2346.84s
2026-03-24 20:37:31,834 - [Rank 0] - INFO - Epoch [6/6] | Batch [3300/4250] | Loss: 1.5197 | Time: 2382.48s
2026-03-24 20:38:06,914 - [Rank 0] - INFO - Epoch [6/6] | Batch [3350/4250] | Loss: 1.5196 | Time: 2417.56s
2026-03-24 20:38:41,809 - [Rank 0] - INFO - Epoch [6/6] | Batch [3400/4250] | Loss: 1.5195 | Time: 2452.45s
2026-03-24 20:39:18,037 - [Rank 0] - INFO - Epoch [6/6] | Batch [3450/4250] | Loss: 1.5194 | Time: 2488.68s
2026-03-24 20:39:54,476 - [Rank 0] - INFO - Epoch [6/6] | Batch [3500/4250] | Loss: 1.5191 | Time: 2525.12s
2026-03-24 20:40:30,381 - [Rank 0] - INFO - Epoch [6/6] | Batch [3550/4250] | Loss: 1.5192 | Time: 2561.02s
2026-03-24 20:41:06,117 - [Rank 0] - INFO - Epoch [6/6] | Batch [3600/4250] | Loss: 1.5193 | Time: 2596.76s
2026-03-24 20:41:41,234 - [Rank 0] - INFO - Epoch [6/6] | Batch [3650/4250] | Loss: 1.5194 | Time: 2631.88s
2026-03-24 20:42:16,216 - [Rank 0] - INFO - Epoch [6/6] | Batch [3700/4250] | Loss: 1.5196 | Time: 2666.86s
2026-03-24 20:42:53,183 - [Rank 0] - INFO - Epoch [6/6] | Batch [3750/4250] | Loss: 1.5195 | Time: 2703.83s
2026-03-24 20:43:29,178 - [Rank 0] - INFO - Epoch [6/6] | Batch [3800/4250] | Loss: 1.5192 | Time: 2739.82s
2026-03-24 20:44:05,248 - [Rank 0] - INFO - Epoch [6/6] | Batch [3850/4250] | Loss: 1.5193 | Time: 2775.89s
2026-03-24 20:44:42,182 - [Rank 0] - INFO - Epoch [6/6] | Batch [3900/4250] | Loss: 1.5192 | Time: 2812.82s
2026-03-24 20:45:18,079 - [Rank 0] - INFO - Epoch [6/6] | Batch [3950/4250] | Loss: 1.5192 | Time: 2848.72s
2026-03-24 20:45:53,364 - [Rank 0] - INFO - Epoch [6/6] | Batch [4000/4250] | Loss: 1.5194 | Time: 2884.01s
2026-03-24 20:46:28,861 - [Rank 0] - INFO - Epoch [6/6] | Batch [4050/4250] | Loss: 1.5193 | Time: 2919.50s
2026-03-24 20:47:03,996 - [Rank 0] - INFO - Epoch [6/6] | Batch [4100/4250] | Loss: 1.5195 | Time: 2954.64s
2026-03-24 20:47:39,554 - [Rank 0] - INFO - Epoch [6/6] | Batch [4150/4250] | Loss: 1.5198 | Time: 2990.20s
2026-03-24 20:48:15,737 - [Rank 0] - INFO - Epoch [6/6] | Batch [4200/4250] | Loss: 1.5197 | Time: 3026.38s
2026-03-24 20:48:50,694 - [Rank 0] - INFO - Epoch [6/6] | Batch [4250/4250] | Loss: 1.5197 | Time: 3061.34s
2026-03-24 20:48:50,879 - [Rank 0] - INFO - Train Loss: 1.5197 | Time: 3061.34s
2026-03-24 20:56:33,400 - [Rank 0] - INFO - Validation | Epoch [6/6] | Val Loss: 1.5593 | Batches: 284 (len(dataloader)=284) | Time: 462.52s
2026-03-24 20:56:40,136 - [Rank 0] - INFO - Checkpoint saved to ./checkpoints/v6/best_model.pth
2026-03-24 20:56:40,137 - [Rank 0] - INFO - ✓ New best model saved! (val_loss: 1.5593)
2026-03-24 20:56:42,551 - [Rank 0] - INFO - Checkpoint saved to ./checkpoints/v6/checkpoint_epoch_6.pth
2026-03-24 20:56:42,552 - [Rank 0] - INFO - 
============================================================
2026-03-24 20:56:42,552 - [Rank 0] - INFO - Training completed!
2026-03-24 20:56:42,553 - [Rank 0] - INFO - Best validation loss: 1.5593
2026-03-24 20:56:42,553 - [Rank 0] - INFO - ============================================================
