2026-03-23 15:38:47,163 - [Rank 0] - INFO - ============================================================
2026-03-23 15:38:47,163 - [Rank 0] - INFO - RS3 Grid Distillation Training
2026-03-23 15:38:47,163 - [Rank 0] - INFO - ============================================================
2026-03-23 15:38:47,163 - [Rank 0] - INFO - Configuration:
2026-03-23 15:38:47,163 - [Rank 0] - INFO -   device: cuda
2026-03-23 15:38:47,163 - [Rank 0] - INFO -   rs3_tar_dir: /root/data/rs3_filtered
2026-03-23 15:38:47,163 - [Rank 0] - INFO -   rs3_val_dir: /root/data/rs3_filtered
2026-03-23 15:38:47,163 - [Rank 0] - INFO -   batch_size: 24
2026-03-23 15:38:47,163 - [Rank 0] - INFO -   num_workers: 8
2026-03-23 15:38:47,163 - [Rank 0] - INFO -   model_name: ViT-B-32
2026-03-23 15:38:47,163 - [Rank 0] - INFO -   pretrained_path: /root/checkpoint/RS5M_ViT-B-32.pt
2026-03-23 15:38:47,163 - [Rank 0] - INFO -   precision: fp32
2026-03-23 15:38:47,163 - [Rank 0] - INFO -   epochs: 6
2026-03-23 15:38:47,163 - [Rank 0] - INFO -   lr: 1.84e-06
2026-03-23 15:38:47,163 - [Rank 0] - INFO -   weight_decay: 0.1
2026-03-23 15:38:47,163 - [Rank 0] - INFO -   warmup_epochs: 1
2026-03-23 15:38:47,163 - [Rank 0] - INFO -   warmup_steps: 1500
2026-03-23 15:38:47,163 - [Rank 0] - INFO -   scheduler_type: cosine
2026-03-23 15:38:47,163 - [Rank 0] - INFO -   cooldown_steps: 0
2026-03-23 15:38:47,163 - [Rank 0] - INFO -   grad_clip: 1.0
2026-03-23 15:38:47,163 - [Rank 0] - INFO -   distill_align: roi_to_pooled_attn
2026-03-23 15:38:47,164 - [Rank 0] - INFO -   distill_loss_weight: 0.1
2026-03-23 15:38:47,164 - [Rank 0] - INFO -   clip_loss_weight: 1.0
2026-03-23 15:38:47,164 - [Rank 0] - INFO -   optimizer_betas: (0.9, 0.98)
2026-03-23 15:38:47,164 - [Rank 0] - INFO -   optimizer_eps: 1e-08
2026-03-23 15:38:47,164 - [Rank 0] - INFO -   val_tar_count: 2
2026-03-23 15:38:47,164 - [Rank 0] - INFO -   train_tar_count: 30
2026-03-23 15:38:47,164 - [Rank 0] - INFO -   output_dir: ./checkpoints/farslip_style_e6_2
2026-03-23 15:38:47,164 - [Rank 0] - INFO -   log_dir: ./logs/farslip_style_e6_2
2026-03-23 15:38:47,164 - [Rank 0] - INFO -   tensorboard_dir: ./logs/farslip_style_e6_2/tensorboard
2026-03-23 15:38:47,164 - [Rank 0] - INFO -   save_freq: 1
2026-03-23 15:38:47,164 - [Rank 0] - INFO -   log_freq: 50
2026-03-23 15:38:47,164 - [Rank 0] - INFO -   local_rank: -1
2026-03-23 15:38:47,164 - [Rank 0] - INFO -   world_size: 1
2026-03-23 15:38:47,164 - [Rank 0] - INFO -   use_amp: True
2026-03-23 15:38:47,164 - [Rank 0] - INFO - 
2026-03-23 15:38:47,165 - [Rank 0] - INFO - TensorBoard 已启用。查看: tensorboard --logdir ./logs/farslip_style_e6_2/tensorboard
2026-03-23 15:38:47,165 - [Rank 0] - INFO - Building models...
2026-03-23 15:38:47,165 - [Rank 0] - INFO - Loading models from /root/checkpoint/RS5M_ViT-B-32.pt...
2026-03-23 15:38:47,165 - [Rank 0] - INFO - 
=== Loading Teacher Model ===
2026-03-23 15:38:47,165 - [Rank 0] - INFO - Parsing model identifier. Schema: None, Identifier: ViT-B-32
2026-03-23 15:38:47,165 - [Rank 0] - INFO - Loaded built-in ViT-B-32 model config.
2026-03-23 15:38:47,166 - [Rank 0] - INFO - `pretrained` specifies file path: /root/checkpoint/RS5M_ViT-B-32.pt
2026-03-23 15:38:47,166 - [Rank 0] - INFO - Instantiating model architecture: CLIP
2026-03-23 15:38:48,638 - [Rank 0] - INFO - Loading full pretrained weights from: /root/checkpoint/RS5M_ViT-B-32.pt
2026-03-23 15:38:50,914 - [Rank 0] - INFO - Final image preprocessing configuration set: {'size': (224, 224), 'mode': 'RGB', 'mean': (0.48145466, 0.4578275, 0.40821073), 'std': (0.26862954, 0.26130258, 0.27577711), 'interpolation': 'bicubic', 'resize_mode': 'shortest', 'fill_color': 0}
2026-03-23 15:38:50,915 - [Rank 0] - INFO - Model ViT-B-32 creation process complete.
2026-03-23 15:38:50,917 - [Rank 0] - INFO - ✓ Teacher model loaded and frozen
2026-03-23 15:38:50,917 - [Rank 0] - INFO -   - Model type: CLIP
2026-03-23 15:38:50,918 - [Rank 0] - INFO -   - Parameters: 151,277,313
2026-03-23 15:38:50,918 - [Rank 0] - INFO -   - Requires grad: 0 (frozen)
2026-03-23 15:38:50,918 - [Rank 0] - INFO - 
=== Loading Student Model ===
2026-03-23 15:38:50,919 - [Rank 0] - INFO - Parsing model identifier. Schema: None, Identifier: ViT-B-32
2026-03-23 15:38:50,919 - [Rank 0] - INFO - Loaded built-in ViT-B-32 model config.
2026-03-23 15:38:50,919 - [Rank 0] - INFO - `pretrained` specifies file path: /root/checkpoint/RS5M_ViT-B-32.pt
2026-03-23 15:38:50,919 - [Rank 0] - INFO - Instantiating model architecture: CLIP
2026-03-23 15:38:52,144 - [Rank 0] - INFO - Loading full pretrained weights from: /root/checkpoint/RS5M_ViT-B-32.pt
2026-03-23 15:38:52,667 - [Rank 0] - INFO - Final image preprocessing configuration set: {'size': (224, 224), 'mode': 'RGB', 'mean': (0.48145466, 0.4578275, 0.40821073), 'std': (0.26862954, 0.26130258, 0.27577711), 'interpolation': 'bicubic', 'resize_mode': 'shortest', 'fill_color': 0}
2026-03-23 15:38:52,668 - [Rank 0] - INFO - Model ViT-B-32 creation process complete.
2026-03-23 15:38:52,669 - [Rank 0] - INFO - ✓ Student model loaded with same initial weights
2026-03-23 15:38:52,669 - [Rank 0] - INFO -   - Model type: CLIP
2026-03-23 15:38:52,670 - [Rank 0] - INFO -   - Parameters: 151,277,313
2026-03-23 15:38:52,670 - [Rank 0] - INFO -   - Requires grad: 302 (trainable)
2026-03-23 15:38:53,091 - [Rank 0] - INFO - Models moved to device: cuda
2026-03-23 15:38:53,091 - [Rank 0] - INFO - 
Building dataloaders...
2026-03-23 15:38:53,111 - [Rank 0] - WARNING - split=val: WebDataset 仅有 2 个 shard(.tar)，num_workers=8 会导致 6 个 worker 分不到数据、验证/训练提前结束。已将 num_workers 限制为 2。
2026-03-23 15:38:53,111 - [Rank 0] - INFO - Train loader: 4250 batches
2026-03-23 15:38:53,112 - [Rank 0] - INFO - Val loader: 284 batches
2026-03-23 15:38:53,112 - [Rank 0] - INFO - 
Building optimizer...
2026-03-23 15:38:53,113 - [Rank 0] - INFO - Optimizer: AdamW (lr=1.84e-06, betas=(0.9, 0.98), eps=1e-08, weight_decay=0.1)
2026-03-23 15:38:53,113 - [Rank 0] - INFO - Optimizing student model parameters only
2026-03-23 15:38:53,113 - [Rank 0] - INFO - Scheduler: Cosine (warmup_steps=1500, total_steps=25500)
2026-03-23 15:38:53,113 - [Rank 0] - INFO - Loss function: mse
2026-03-23 15:38:53,113 - [Rank 0] - INFO - AMP enabled: True
2026-03-23 15:38:53,113 - [Rank 0] - INFO - 
============================================================
2026-03-23 15:38:53,113 - [Rank 0] - INFO - Starting training...
2026-03-23 15:38:53,113 - [Rank 0] - INFO - ============================================================
2026-03-23 15:38:53,113 - [Rank 0] - INFO - 
Epoch [1/6]
2026-03-23 15:38:53,113 - [Rank 0] - INFO - ------------------------------------------------------------
