2026-03-23 04:36:33,383 - [Rank 0] - INFO - ============================================================
2026-03-23 04:36:33,384 - [Rank 0] - INFO - RS3 Grid Distillation Training
2026-03-23 04:36:33,384 - [Rank 0] - INFO - ============================================================
2026-03-23 04:36:33,384 - [Rank 0] - INFO - Configuration:
2026-03-23 04:36:33,384 - [Rank 0] - INFO -   device: cuda
2026-03-23 04:36:33,384 - [Rank 0] - INFO -   rs3_tar_dir: /root/data/rs3_filtered
2026-03-23 04:36:33,384 - [Rank 0] - INFO -   rs3_val_dir: /root/data/rs3_filtered
2026-03-23 04:36:33,384 - [Rank 0] - INFO -   batch_size: 24
2026-03-23 04:36:33,384 - [Rank 0] - INFO -   num_workers: 8
2026-03-23 04:36:33,384 - [Rank 0] - INFO -   model_name: ViT-B-32
2026-03-23 04:36:33,384 - [Rank 0] - INFO -   pretrained_path: /root/checkpoint/RS5M_ViT-B-32.pt
2026-03-23 04:36:33,384 - [Rank 0] - INFO -   precision: fp32
2026-03-23 04:36:33,384 - [Rank 0] - INFO -   epochs: 6
2026-03-23 04:36:33,384 - [Rank 0] - INFO -   lr: 1.2e-06
2026-03-23 04:36:33,385 - [Rank 0] - INFO -   weight_decay: 0.1
2026-03-23 04:36:33,385 - [Rank 0] - INFO -   warmup_epochs: 1
2026-03-23 04:36:33,385 - [Rank 0] - INFO -   warmup_steps: 1500
2026-03-23 04:36:33,385 - [Rank 0] - INFO -   scheduler_type: cosine
2026-03-23 04:36:33,385 - [Rank 0] - INFO -   cooldown_steps: 0
2026-03-23 04:36:33,385 - [Rank 0] - INFO -   grad_clip: 1.0
2026-03-23 04:36:33,385 - [Rank 0] - INFO -   distill_align: roi_to_pooled
2026-03-23 04:36:33,385 - [Rank 0] - INFO -   optimizer_betas: (0.9, 0.98)
2026-03-23 04:36:33,385 - [Rank 0] - INFO -   optimizer_eps: 1e-08
2026-03-23 04:36:33,385 - [Rank 0] - INFO -   val_tar_count: 2
2026-03-23 04:36:33,385 - [Rank 0] - INFO -   train_tar_count: 30
2026-03-23 04:36:33,385 - [Rank 0] - INFO -   output_dir: ./checkpoints/farslip_style_e6
2026-03-23 04:36:33,386 - [Rank 0] - INFO -   log_dir: ./logs/farslip_style_e6
2026-03-23 04:36:33,386 - [Rank 0] - INFO -   save_freq: 1
2026-03-23 04:36:33,386 - [Rank 0] - INFO -   log_freq: 50
2026-03-23 04:36:33,386 - [Rank 0] - INFO -   local_rank: -1
2026-03-23 04:36:33,386 - [Rank 0] - INFO -   world_size: 1
2026-03-23 04:36:33,386 - [Rank 0] - INFO -   use_amp: True
2026-03-23 04:36:33,386 - [Rank 0] - INFO - 
2026-03-23 04:36:33,386 - [Rank 0] - INFO - Building models...
2026-03-23 04:36:33,386 - [Rank 0] - INFO - Loading models from /root/checkpoint/RS5M_ViT-B-32.pt...
2026-03-23 04:36:33,386 - [Rank 0] - INFO - 
=== Loading Teacher Model ===
2026-03-23 04:36:33,386 - [Rank 0] - INFO - Parsing model identifier. Schema: None, Identifier: ViT-B-32
2026-03-23 04:36:33,387 - [Rank 0] - INFO - Loaded built-in ViT-B-32 model config.
2026-03-23 04:36:33,387 - [Rank 0] - INFO - `pretrained` specifies file path: /root/checkpoint/RS5M_ViT-B-32.pt
2026-03-23 04:36:33,387 - [Rank 0] - INFO - Instantiating model architecture: CLIP
2026-03-23 04:36:34,655 - [Rank 0] - INFO - Loading full pretrained weights from: /root/checkpoint/RS5M_ViT-B-32.pt
2026-03-23 04:36:35,326 - [Rank 0] - INFO - Final image preprocessing configuration set: {'size': (224, 224), 'mode': 'RGB', 'mean': (0.48145466, 0.4578275, 0.40821073), 'std': (0.26862954, 0.26130258, 0.27577711), 'interpolation': 'bicubic', 'resize_mode': 'shortest', 'fill_color': 0}
2026-03-23 04:36:35,326 - [Rank 0] - INFO - Model ViT-B-32 creation process complete.
2026-03-23 04:36:35,327 - [Rank 0] - INFO - ✓ Teacher model loaded and frozen
2026-03-23 04:36:35,327 - [Rank 0] - INFO -   - Model type: CLIP
2026-03-23 04:36:35,328 - [Rank 0] - INFO -   - Parameters: 151,277,313
2026-03-23 04:36:35,328 - [Rank 0] - INFO -   - Requires grad: 0 (frozen)
2026-03-23 04:36:35,329 - [Rank 0] - INFO - 
=== Loading Student Model ===
2026-03-23 04:36:35,329 - [Rank 0] - INFO - Parsing model identifier. Schema: None, Identifier: ViT-B-32
2026-03-23 04:36:35,329 - [Rank 0] - INFO - Loaded built-in ViT-B-32 model config.
2026-03-23 04:36:35,329 - [Rank 0] - INFO - `pretrained` specifies file path: /root/checkpoint/RS5M_ViT-B-32.pt
2026-03-23 04:36:35,329 - [Rank 0] - INFO - Instantiating model architecture: CLIP
2026-03-23 04:36:36,495 - [Rank 0] - INFO - Loading full pretrained weights from: /root/checkpoint/RS5M_ViT-B-32.pt
2026-03-23 04:36:37,035 - [Rank 0] - INFO - Final image preprocessing configuration set: {'size': (224, 224), 'mode': 'RGB', 'mean': (0.48145466, 0.4578275, 0.40821073), 'std': (0.26862954, 0.26130258, 0.27577711), 'interpolation': 'bicubic', 'resize_mode': 'shortest', 'fill_color': 0}
2026-03-23 04:36:37,035 - [Rank 0] - INFO - Model ViT-B-32 creation process complete.
2026-03-23 04:36:37,036 - [Rank 0] - INFO - ✓ Student model loaded with same initial weights
2026-03-23 04:36:37,036 - [Rank 0] - INFO -   - Model type: CLIP
2026-03-23 04:36:37,037 - [Rank 0] - INFO -   - Parameters: 151,277,313
2026-03-23 04:36:37,037 - [Rank 0] - INFO -   - Requires grad: 302 (trainable)
2026-03-23 04:36:37,376 - [Rank 0] - INFO - Models moved to device: cuda
2026-03-23 04:36:37,376 - [Rank 0] - INFO - 
Building dataloaders...
2026-03-23 04:36:37,379 - [Rank 0] - INFO - Train loader: 4250 batches
2026-03-23 04:36:37,379 - [Rank 0] - INFO - Val loader: 284 batches
2026-03-23 04:36:37,379 - [Rank 0] - INFO - 
Building optimizer...
2026-03-23 04:36:37,380 - [Rank 0] - INFO - Optimizer: AdamW (lr=1.2e-06, betas=(0.9, 0.98), eps=1e-08, weight_decay=0.1)
2026-03-23 04:36:37,380 - [Rank 0] - INFO - Optimizing student model parameters only
2026-03-23 04:36:37,380 - [Rank 0] - INFO - Scheduler: Cosine (warmup_steps=1500, total_steps=25500)
2026-03-23 04:36:37,381 - [Rank 0] - INFO - Loss function: mse
2026-03-23 04:36:37,381 - [Rank 0] - INFO - AMP enabled: True
2026-03-23 04:36:37,381 - [Rank 0] - INFO - 
============================================================
2026-03-23 04:36:37,381 - [Rank 0] - INFO - Starting training...
2026-03-23 04:36:37,381 - [Rank 0] - INFO - ============================================================
2026-03-23 04:36:37,381 - [Rank 0] - INFO - 
Epoch [1/6]
2026-03-23 04:36:37,381 - [Rank 0] - INFO - ------------------------------------------------------------
2026-03-23 04:37:09,075 - [Rank 0] - INFO - Epoch [1/6] | Batch [50/4250] | Loss: 3.0707 | Time: 31.69s
