2026-03-27 16:21:53,935 - [Rank 0] - INFO - ============================================================
2026-03-27 16:21:53,935 - [Rank 0] - INFO - RS3 Grid Distillation Training
2026-03-27 16:21:53,935 - [Rank 0] - INFO - ============================================================
2026-03-27 16:21:53,935 - [Rank 0] - INFO - Configuration:
2026-03-27 16:21:53,935 - [Rank 0] - INFO -   device: cuda
2026-03-27 16:21:53,935 - [Rank 0] - INFO -   rs3_tar_dir: /root/data/rs3_filtered
2026-03-27 16:21:53,935 - [Rank 0] - INFO -   rs3_val_dir: /root/data/rs3_filtered
2026-03-27 16:21:53,935 - [Rank 0] - INFO -   batch_size: 24
2026-03-27 16:21:53,935 - [Rank 0] - INFO -   num_workers: 8
2026-03-27 16:21:53,935 - [Rank 0] - INFO -   whole_image_size: 784
2026-03-27 16:21:53,935 - [Rank 0] - INFO -   crop_size: 224
2026-03-27 16:21:53,935 - [Rank 0] - INFO -   model_name: ViT-B-32
2026-03-27 16:21:53,935 - [Rank 0] - INFO -   pretrained_path: /root/checkpoint/RS5M_ViT-B-32.pt
2026-03-27 16:21:53,935 - [Rank 0] - INFO -   precision: fp32
2026-03-27 16:21:53,935 - [Rank 0] - INFO -   epochs: 6
2026-03-27 16:21:53,935 - [Rank 0] - INFO -   lr: 1.84e-06
2026-03-27 16:21:53,935 - [Rank 0] - INFO -   weight_decay: 0.1
2026-03-27 16:21:53,935 - [Rank 0] - INFO -   warmup_epochs: 1
2026-03-27 16:21:53,935 - [Rank 0] - INFO -   warmup_steps: 1500
2026-03-27 16:21:53,935 - [Rank 0] - INFO -   scheduler_type: cosine
2026-03-27 16:21:53,935 - [Rank 0] - INFO -   cooldown_steps: 0
2026-03-27 16:21:53,935 - [Rank 0] - INFO -   grad_clip: 1.0
2026-03-27 16:21:53,935 - [Rank 0] - INFO -   distill_align: roi_to_pooled
2026-03-27 16:21:53,936 - [Rank 0] - INFO -   teacher_last_attn_type: qq+kk+vv
2026-03-27 16:21:53,936 - [Rank 0] - INFO -   distill_loss_weight: 1.0
2026-03-27 16:21:53,936 - [Rank 0] - INFO -   clip_loss_weight: 0.5
2026-03-27 16:21:53,936 - [Rank 0] - INFO -   use_rafa: False
2026-03-27 16:21:53,936 - [Rank 0] - INFO -   use_hycd: True
2026-03-27 16:21:53,936 - [Rank 0] - INFO -   rafa_weight: 0.1
2026-03-27 16:21:53,936 - [Rank 0] - INFO -   hycd_weight: 0.1
2026-03-27 16:21:53,936 - [Rank 0] - INFO -   hycd_temperature: 1.0
2026-03-27 16:21:53,936 - [Rank 0] - INFO -   hycd_alpha_blending: 0.5
2026-03-27 16:21:53,936 - [Rank 0] - INFO -   rafa_prior_mu: 0.0
2026-03-27 16:21:53,936 - [Rank 0] - INFO -   rafa_prior_sigma: 1.0
2026-03-27 16:21:53,936 - [Rank 0] - INFO -   rafa_prior_stats_path: 
2026-03-27 16:21:53,936 - [Rank 0] - INFO -   rafa_share_random_feat: True
2026-03-27 16:21:53,936 - [Rank 0] - INFO -   optimizer_betas: (0.9, 0.98)
2026-03-27 16:21:53,936 - [Rank 0] - INFO -   optimizer_eps: 1e-08
2026-03-27 16:21:53,936 - [Rank 0] - INFO -   val_tar_count: 2
2026-03-27 16:21:53,936 - [Rank 0] - INFO -   train_tar_count: 30
2026-03-27 16:21:53,936 - [Rank 0] - INFO -   output_dir: ./checkpoints/v8.1
2026-03-27 16:21:53,936 - [Rank 0] - INFO -   log_dir: ./logs/v8.1
2026-03-27 16:21:53,936 - [Rank 0] - INFO -   tensorboard_dir: ./logs/v8.1/tensorboard
2026-03-27 16:21:53,936 - [Rank 0] - INFO -   save_freq: 1
2026-03-27 16:21:53,936 - [Rank 0] - INFO -   log_freq: 50
2026-03-27 16:21:53,936 - [Rank 0] - INFO -   local_rank: -1
2026-03-27 16:21:53,936 - [Rank 0] - INFO -   world_size: 1
2026-03-27 16:21:53,936 - [Rank 0] - INFO -   use_amp: True
2026-03-27 16:21:53,937 - [Rank 0] - INFO - 
2026-03-27 16:21:53,938 - [Rank 0] - INFO - TensorBoard 已启用。查看: tensorboard --logdir ./logs/v8.1/tensorboard
2026-03-27 16:21:53,938 - [Rank 0] - INFO - Building models...
2026-03-27 16:21:53,938 - [Rank 0] - INFO - Loading models from /root/checkpoint/RS5M_ViT-B-32.pt...
2026-03-27 16:21:53,938 - [Rank 0] - INFO - 
=== Loading Teacher Model ===
2026-03-27 16:21:53,938 - [Rank 0] - INFO - Parsing model identifier. Schema: None, Identifier: ViT-B-32
2026-03-27 16:21:53,938 - [Rank 0] - INFO - Loaded built-in ViT-B-32 model config.
2026-03-27 16:21:53,938 - [Rank 0] - INFO - `pretrained` specifies file path: /root/checkpoint/RS5M_ViT-B-32.pt
2026-03-27 16:21:53,938 - [Rank 0] - INFO - Instantiating model architecture: CLIP
2026-03-27 16:21:55,182 - [Rank 0] - INFO - Loading full pretrained weights from: /root/checkpoint/RS5M_ViT-B-32.pt
2026-03-27 16:21:55,897 - [Rank 0] - INFO - Final image preprocessing configuration set: {'size': (224, 224), 'mode': 'RGB', 'mean': (0.48145466, 0.4578275, 0.40821073), 'std': (0.26862954, 0.26130258, 0.27577711), 'interpolation': 'bicubic', 'resize_mode': 'shortest', 'fill_color': 0}
2026-03-27 16:21:55,897 - [Rank 0] - INFO - Model ViT-B-32 creation process complete.
2026-03-27 16:21:55,898 - [Rank 0] - INFO - ✓ Teacher model loaded and frozen
2026-03-27 16:21:55,898 - [Rank 0] - INFO -   - Model type: CLIP
2026-03-27 16:21:55,899 - [Rank 0] - INFO -   - Parameters: 151,277,313
2026-03-27 16:21:55,900 - [Rank 0] - INFO -   - Requires grad: 0 (frozen)
2026-03-27 16:21:55,900 - [Rank 0] - INFO - 
=== Loading Student Model ===
2026-03-27 16:21:55,900 - [Rank 0] - INFO - Parsing model identifier. Schema: None, Identifier: ViT-B-32
2026-03-27 16:21:55,900 - [Rank 0] - INFO - Loaded built-in ViT-B-32 model config.
2026-03-27 16:21:55,900 - [Rank 0] - INFO - `pretrained` specifies file path: /root/checkpoint/RS5M_ViT-B-32.pt
2026-03-27 16:21:55,900 - [Rank 0] - INFO - Instantiating model architecture: CLIP
2026-03-27 16:21:57,070 - [Rank 0] - INFO - Loading full pretrained weights from: /root/checkpoint/RS5M_ViT-B-32.pt
2026-03-27 16:21:57,469 - [Rank 0] - INFO - Final image preprocessing configuration set: {'size': (224, 224), 'mode': 'RGB', 'mean': (0.48145466, 0.4578275, 0.40821073), 'std': (0.26862954, 0.26130258, 0.27577711), 'interpolation': 'bicubic', 'resize_mode': 'shortest', 'fill_color': 0}
2026-03-27 16:21:57,469 - [Rank 0] - INFO - Model ViT-B-32 creation process complete.
2026-03-27 16:21:57,470 - [Rank 0] - INFO - ✓ Student model loaded with same initial weights
2026-03-27 16:21:57,470 - [Rank 0] - INFO -   - Model type: CLIP
2026-03-27 16:21:57,471 - [Rank 0] - INFO -   - Parameters: 151,277,313
2026-03-27 16:21:57,472 - [Rank 0] - INFO -   - Requires grad: 302 (trainable)
2026-03-27 16:21:57,887 - [Rank 0] - INFO - Models moved to device: cuda
2026-03-27 16:21:57,887 - [Rank 0] - INFO - 
Building dataloaders...
2026-03-27 16:21:57,892 - [Rank 0] - WARNING - split=val: WebDataset 仅有 2 个 shard(.tar)，num_workers=8 会导致 6 个 worker 分不到数据、验证/训练提前结束。已将 num_workers 限制为 2。
2026-03-27 16:21:57,892 - [Rank 0] - INFO - Train loader: 4250 batches
2026-03-27 16:21:57,892 - [Rank 0] - INFO - Val loader: 284 batches
2026-03-27 16:21:57,892 - [Rank 0] - INFO - 
Building optimizer...
2026-03-27 16:21:57,894 - [Rank 0] - INFO - Optimizer: AdamW (lr=1.84e-06, betas=(0.9, 0.98), eps=1e-08, weight_decay=0.1)
2026-03-27 16:21:57,894 - [Rank 0] - INFO - Optimizing student model parameters only
2026-03-27 16:21:57,894 - [Rank 0] - INFO - Scheduler: Cosine (warmup_steps=1500, total_steps=25500)
2026-03-27 16:21:57,894 - [Rank 0] - INFO - Loss function: mse
2026-03-27 16:21:57,894 - [Rank 0] - INFO - AMP enabled: True
2026-03-27 16:21:57,894 - [Rank 0] - INFO - 
============================================================
2026-03-27 16:21:57,894 - [Rank 0] - INFO - Starting training...
2026-03-27 16:21:57,894 - [Rank 0] - INFO - ============================================================
2026-03-27 16:21:57,894 - [Rank 0] - INFO - 
Epoch [1/6]
2026-03-27 16:21:57,894 - [Rank 0] - INFO - ------------------------------------------------------------
2026-03-27 16:22:22,781 - [Rank 0] - INFO - Epoch [1/6] | Batch [50/4250] | Loss: 1.7324 | Time: 24.89s
2026-03-27 16:22:43,965 - [Rank 0] - INFO - Epoch [1/6] | Batch [100/4250] | Loss: 1.6692 | Time: 46.07s
2026-03-27 16:23:05,269 - [Rank 0] - INFO - Epoch [1/6] | Batch [150/4250] | Loss: 1.6118 | Time: 67.37s
2026-03-27 16:23:25,966 - [Rank 0] - INFO - Epoch [1/6] | Batch [200/4250] | Loss: 1.5662 | Time: 88.07s
2026-03-27 16:23:46,146 - [Rank 0] - INFO - Epoch [1/6] | Batch [250/4250] | Loss: 1.5274 | Time: 108.25s
2026-03-27 16:24:09,604 - [Rank 0] - INFO - Epoch [1/6] | Batch [300/4250] | Loss: 1.4947 | Time: 131.71s
2026-03-27 16:24:30,074 - [Rank 0] - INFO - Epoch [1/6] | Batch [350/4250] | Loss: 1.4654 | Time: 152.18s
2026-03-27 16:24:50,558 - [Rank 0] - INFO - Epoch [1/6] | Batch [400/4250] | Loss: 1.4386 | Time: 172.66s
2026-03-27 16:25:19,447 - [Rank 0] - INFO - Epoch [1/6] | Batch [450/4250] | Loss: 1.4144 | Time: 201.55s
2026-03-27 16:25:41,184 - [Rank 0] - INFO - Epoch [1/6] | Batch [500/4250] | Loss: 1.3928 | Time: 223.29s
2026-03-27 16:26:02,062 - [Rank 0] - INFO - Epoch [1/6] | Batch [550/4250] | Loss: 1.3722 | Time: 244.17s
2026-03-27 16:26:22,973 - [Rank 0] - INFO - Epoch [1/6] | Batch [600/4250] | Loss: 1.3536 | Time: 265.08s
2026-03-27 16:26:43,900 - [Rank 0] - INFO - Epoch [1/6] | Batch [650/4250] | Loss: 1.3362 | Time: 286.00s
2026-03-27 16:27:04,754 - [Rank 0] - INFO - Epoch [1/6] | Batch [700/4250] | Loss: 1.3201 | Time: 306.86s
2026-03-27 16:27:25,841 - [Rank 0] - INFO - Epoch [1/6] | Batch [750/4250] | Loss: 1.3053 | Time: 327.94s
2026-03-27 16:27:49,198 - [Rank 0] - INFO - Epoch [1/6] | Batch [800/4250] | Loss: 1.2919 | Time: 351.30s
2026-03-27 16:28:10,718 - [Rank 0] - INFO - Epoch [1/6] | Batch [850/4250] | Loss: 1.2791 | Time: 372.82s
2026-03-27 16:28:32,866 - [Rank 0] - INFO - Epoch [1/6] | Batch [900/4250] | Loss: 1.2674 | Time: 394.97s
2026-03-27 16:28:54,611 - [Rank 0] - INFO - Epoch [1/6] | Batch [950/4250] | Loss: 1.2563 | Time: 416.72s
2026-03-27 16:29:16,091 - [Rank 0] - INFO - Epoch [1/6] | Batch [1000/4250] | Loss: 1.2460 | Time: 438.19s
